This is pdfTeX, Version 3.14159265-2.6-1.40.18 (TeX Live 2017) (preloaded format=pdflatex 2017.6.4)  26 MAR 2018 12:23
entering extended mode
 restricted \write18 enabled.
 %&-line parsing enabled.
**diplomovka.tex
(./diplomovka.tex
LaTeX2e <2017-04-15>
Babel <3.10> and hyphenation patterns for 84 language(s) loaded.
(./rnthesis.cls
Document Class: rnthesis 2014/06/08 v1.1 Robert Novotny 'Thesis' class
(/usr/local/texlive/2017/texmf-dist/tex/latex/base/size12.clo
File: size12.clo 2014/09/29 v1.4h Standard LaTeX file (size option)
)
\c@part=\count79
\c@chapter=\count80
\c@section=\count81
\c@subsection=\count82
\c@subsubsection=\count83
\c@paragraph=\count84
\c@subparagraph=\count85
\c@figure=\count86
\c@table=\count87
\abovecaptionskip=\skip41
\belowcaptionskip=\skip42
\bibindent=\dimen102
)
(/usr/local/texlive/2017/texmf-dist/tex/generic/babel/babel.sty
Package: babel 2017/05/19 3.10 The Babel package

(/usr/local/texlive/2017/texmf-dist/tex/generic/babel-slovak/slovak.ldf
Language: slovak 2008/07/06 v3.1a Slovak support from the babel system

(/usr/local/texlive/2017/texmf-dist/tex/generic/babel/babel.def
File: babel.def 2017/05/19 3.10 Babel common definitions
\babel@savecnt=\count88
\U@D=\dimen103
)
Package babel Info: Making ^ an active character on input line 123.
Package babel Info: Making " an active character on input line 126.
Package babel Info: Making ' an active character on input line 129.
\cs@wordlen=\count89
Package babel Info: Making - an active character on input line 294.
))
(/usr/local/texlive/2017/texmf-dist/tex/latex/base/inputenc.sty
Package: inputenc 2015/03/17 v1.2c Input encoding file
\inpenc@prehook=\toks14
\inpenc@posthook=\toks15

(/usr/local/texlive/2017/texmf-dist/tex/latex/base/utf8.def
File: utf8.def 2017/01/28 v1.1t UTF-8 support for inputenc
Now handling font encoding OML ...
... no UTF-8 mapping file for font encoding OML
Now handling font encoding T1 ...
... processing UTF-8 mapping file for font encoding T1

(/usr/local/texlive/2017/texmf-dist/tex/latex/base/t1enc.dfu
File: t1enc.dfu 2017/01/28 v1.1t UTF-8 support for inputenc
   defining Unicode char U+00A0 (decimal 160)
   defining Unicode char U+00A1 (decimal 161)
   defining Unicode char U+00A3 (decimal 163)
   defining Unicode char U+00AB (decimal 171)
   defining Unicode char U+00AD (decimal 173)
   defining Unicode char U+00BB (decimal 187)
   defining Unicode char U+00BF (decimal 191)
   defining Unicode char U+00C0 (decimal 192)
   defining Unicode char U+00C1 (decimal 193)
   defining Unicode char U+00C2 (decimal 194)
   defining Unicode char U+00C3 (decimal 195)
   defining Unicode char U+00C4 (decimal 196)
   defining Unicode char U+00C5 (decimal 197)
   defining Unicode char U+00C6 (decimal 198)
   defining Unicode char U+00C7 (decimal 199)
   defining Unicode char U+00C8 (decimal 200)
   defining Unicode char U+00C9 (decimal 201)
   defining Unicode char U+00CA (decimal 202)
   defining Unicode char U+00CB (decimal 203)
   defining Unicode char U+00CC (decimal 204)
   defining Unicode char U+00CD (decimal 205)
   defining Unicode char U+00CE (decimal 206)
   defining Unicode char U+00CF (decimal 207)
   defining Unicode char U+00D0 (decimal 208)
   defining Unicode char U+00D1 (decimal 209)
   defining Unicode char U+00D2 (decimal 210)
   defining Unicode char U+00D3 (decimal 211)
   defining Unicode char U+00D4 (decimal 212)
   defining Unicode char U+00D5 (decimal 213)
   defining Unicode char U+00D6 (decimal 214)
   defining Unicode char U+00D8 (decimal 216)
   defining Unicode char U+00D9 (decimal 217)
   defining Unicode char U+00DA (decimal 218)
   defining Unicode char U+00DB (decimal 219)
   defining Unicode char U+00DC (decimal 220)
   defining Unicode char U+00DD (decimal 221)
   defining Unicode char U+00DE (decimal 222)
   defining Unicode char U+00DF (decimal 223)
   defining Unicode char U+00E0 (decimal 224)
   defining Unicode char U+00E1 (decimal 225)
   defining Unicode char U+00E2 (decimal 226)
   defining Unicode char U+00E3 (decimal 227)
   defining Unicode char U+00E4 (decimal 228)
   defining Unicode char U+00E5 (decimal 229)
   defining Unicode char U+00E6 (decimal 230)
   defining Unicode char U+00E7 (decimal 231)
   defining Unicode char U+00E8 (decimal 232)
   defining Unicode char U+00E9 (decimal 233)
   defining Unicode char U+00EA (decimal 234)
   defining Unicode char U+00EB (decimal 235)
   defining Unicode char U+00EC (decimal 236)
   defining Unicode char U+00ED (decimal 237)
   defining Unicode char U+00EE (decimal 238)
   defining Unicode char U+00EF (decimal 239)
   defining Unicode char U+00F0 (decimal 240)
   defining Unicode char U+00F1 (decimal 241)
   defining Unicode char U+00F2 (decimal 242)
   defining Unicode char U+00F3 (decimal 243)
   defining Unicode char U+00F4 (decimal 244)
   defining Unicode char U+00F5 (decimal 245)
   defining Unicode char U+00F6 (decimal 246)
   defining Unicode char U+00F8 (decimal 248)
   defining Unicode char U+00F9 (decimal 249)
   defining Unicode char U+00FA (decimal 250)
   defining Unicode char U+00FB (decimal 251)
   defining Unicode char U+00FC (decimal 252)
   defining Unicode char U+00FD (decimal 253)
   defining Unicode char U+00FE (decimal 254)
   defining Unicode char U+00FF (decimal 255)
   defining Unicode char U+0100 (decimal 256)
   defining Unicode char U+0101 (decimal 257)
   defining Unicode char U+0102 (decimal 258)
   defining Unicode char U+0103 (decimal 259)
   defining Unicode char U+0104 (decimal 260)
   defining Unicode char U+0105 (decimal 261)
   defining Unicode char U+0106 (decimal 262)
   defining Unicode char U+0107 (decimal 263)
   defining Unicode char U+0108 (decimal 264)
   defining Unicode char U+0109 (decimal 265)
   defining Unicode char U+010A (decimal 266)
   defining Unicode char U+010B (decimal 267)
   defining Unicode char U+010C (decimal 268)
   defining Unicode char U+010D (decimal 269)
   defining Unicode char U+010E (decimal 270)
   defining Unicode char U+010F (decimal 271)
   defining Unicode char U+0110 (decimal 272)
   defining Unicode char U+0111 (decimal 273)
   defining Unicode char U+0112 (decimal 274)
   defining Unicode char U+0113 (decimal 275)
   defining Unicode char U+0114 (decimal 276)
   defining Unicode char U+0115 (decimal 277)
   defining Unicode char U+0116 (decimal 278)
   defining Unicode char U+0117 (decimal 279)
   defining Unicode char U+0118 (decimal 280)
   defining Unicode char U+0119 (decimal 281)
   defining Unicode char U+011A (decimal 282)
   defining Unicode char U+011B (decimal 283)
   defining Unicode char U+011C (decimal 284)
   defining Unicode char U+011D (decimal 285)
   defining Unicode char U+011E (decimal 286)
   defining Unicode char U+011F (decimal 287)
   defining Unicode char U+0120 (decimal 288)
   defining Unicode char U+0121 (decimal 289)
   defining Unicode char U+0122 (decimal 290)
   defining Unicode char U+0123 (decimal 291)
   defining Unicode char U+0124 (decimal 292)
   defining Unicode char U+0125 (decimal 293)
   defining Unicode char U+0128 (decimal 296)
   defining Unicode char U+0129 (decimal 297)
   defining Unicode char U+012A (decimal 298)
   defining Unicode char U+012B (decimal 299)
   defining Unicode char U+012C (decimal 300)
   defining Unicode char U+012D (decimal 301)
   defining Unicode char U+012E (decimal 302)
   defining Unicode char U+012F (decimal 303)
   defining Unicode char U+0130 (decimal 304)
   defining Unicode char U+0131 (decimal 305)
   defining Unicode char U+0132 (decimal 306)
   defining Unicode char U+0133 (decimal 307)
   defining Unicode char U+0134 (decimal 308)
   defining Unicode char U+0135 (decimal 309)
   defining Unicode char U+0136 (decimal 310)
   defining Unicode char U+0137 (decimal 311)
   defining Unicode char U+0139 (decimal 313)
   defining Unicode char U+013A (decimal 314)
   defining Unicode char U+013B (decimal 315)
   defining Unicode char U+013C (decimal 316)
   defining Unicode char U+013D (decimal 317)
   defining Unicode char U+013E (decimal 318)
   defining Unicode char U+0141 (decimal 321)
   defining Unicode char U+0142 (decimal 322)
   defining Unicode char U+0143 (decimal 323)
   defining Unicode char U+0144 (decimal 324)
   defining Unicode char U+0145 (decimal 325)
   defining Unicode char U+0146 (decimal 326)
   defining Unicode char U+0147 (decimal 327)
   defining Unicode char U+0148 (decimal 328)
   defining Unicode char U+014A (decimal 330)
   defining Unicode char U+014B (decimal 331)
   defining Unicode char U+014C (decimal 332)
   defining Unicode char U+014D (decimal 333)
   defining Unicode char U+014E (decimal 334)
   defining Unicode char U+014F (decimal 335)
   defining Unicode char U+0150 (decimal 336)
   defining Unicode char U+0151 (decimal 337)
   defining Unicode char U+0152 (decimal 338)
   defining Unicode char U+0153 (decimal 339)
   defining Unicode char U+0154 (decimal 340)
   defining Unicode char U+0155 (decimal 341)
   defining Unicode char U+0156 (decimal 342)
   defining Unicode char U+0157 (decimal 343)
   defining Unicode char U+0158 (decimal 344)
   defining Unicode char U+0159 (decimal 345)
   defining Unicode char U+015A (decimal 346)
   defining Unicode char U+015B (decimal 347)
   defining Unicode char U+015C (decimal 348)
   defining Unicode char U+015D (decimal 349)
   defining Unicode char U+015E (decimal 350)
   defining Unicode char U+015F (decimal 351)
   defining Unicode char U+0160 (decimal 352)
   defining Unicode char U+0161 (decimal 353)
   defining Unicode char U+0162 (decimal 354)
   defining Unicode char U+0163 (decimal 355)
   defining Unicode char U+0164 (decimal 356)
   defining Unicode char U+0165 (decimal 357)
   defining Unicode char U+0168 (decimal 360)
   defining Unicode char U+0169 (decimal 361)
   defining Unicode char U+016A (decimal 362)
   defining Unicode char U+016B (decimal 363)
   defining Unicode char U+016C (decimal 364)
   defining Unicode char U+016D (decimal 365)
   defining Unicode char U+016E (decimal 366)
   defining Unicode char U+016F (decimal 367)
   defining Unicode char U+0170 (decimal 368)
   defining Unicode char U+0171 (decimal 369)
   defining Unicode char U+0172 (decimal 370)
   defining Unicode char U+0173 (decimal 371)
   defining Unicode char U+0174 (decimal 372)
   defining Unicode char U+0175 (decimal 373)
   defining Unicode char U+0176 (decimal 374)
   defining Unicode char U+0177 (decimal 375)
   defining Unicode char U+0178 (decimal 376)
   defining Unicode char U+0179 (decimal 377)
   defining Unicode char U+017A (decimal 378)
   defining Unicode char U+017B (decimal 379)
   defining Unicode char U+017C (decimal 380)
   defining Unicode char U+017D (decimal 381)
   defining Unicode char U+017E (decimal 382)
   defining Unicode char U+01CD (decimal 461)
   defining Unicode char U+01CE (decimal 462)
   defining Unicode char U+01CF (decimal 463)
   defining Unicode char U+01D0 (decimal 464)
   defining Unicode char U+01D1 (decimal 465)
   defining Unicode char U+01D2 (decimal 466)
   defining Unicode char U+01D3 (decimal 467)
   defining Unicode char U+01D4 (decimal 468)
   defining Unicode char U+01E2 (decimal 482)
   defining Unicode char U+01E3 (decimal 483)
   defining Unicode char U+01E6 (decimal 486)
   defining Unicode char U+01E7 (decimal 487)
   defining Unicode char U+01E8 (decimal 488)
   defining Unicode char U+01E9 (decimal 489)
   defining Unicode char U+01EA (decimal 490)
   defining Unicode char U+01EB (decimal 491)
   defining Unicode char U+01F0 (decimal 496)
   defining Unicode char U+01F4 (decimal 500)
   defining Unicode char U+01F5 (decimal 501)
   defining Unicode char U+0218 (decimal 536)
   defining Unicode char U+0219 (decimal 537)
   defining Unicode char U+021A (decimal 538)
   defining Unicode char U+021B (decimal 539)
   defining Unicode char U+0232 (decimal 562)
   defining Unicode char U+0233 (decimal 563)
   defining Unicode char U+1E02 (decimal 7682)
   defining Unicode char U+1E03 (decimal 7683)
   defining Unicode char U+200C (decimal 8204)
   defining Unicode char U+2010 (decimal 8208)
   defining Unicode char U+2011 (decimal 8209)
   defining Unicode char U+2012 (decimal 8210)
   defining Unicode char U+2013 (decimal 8211)
   defining Unicode char U+2014 (decimal 8212)
   defining Unicode char U+2015 (decimal 8213)
   defining Unicode char U+2018 (decimal 8216)
   defining Unicode char U+2019 (decimal 8217)
   defining Unicode char U+201A (decimal 8218)
   defining Unicode char U+201C (decimal 8220)
   defining Unicode char U+201D (decimal 8221)
   defining Unicode char U+201E (decimal 8222)
   defining Unicode char U+2030 (decimal 8240)
   defining Unicode char U+2031 (decimal 8241)
   defining Unicode char U+2039 (decimal 8249)
   defining Unicode char U+203A (decimal 8250)
   defining Unicode char U+2423 (decimal 9251)
   defining Unicode char U+1E20 (decimal 7712)
   defining Unicode char U+1E21 (decimal 7713)
)
Now handling font encoding OT1 ...
... processing UTF-8 mapping file for font encoding OT1

(/usr/local/texlive/2017/texmf-dist/tex/latex/base/ot1enc.dfu
File: ot1enc.dfu 2017/01/28 v1.1t UTF-8 support for inputenc
   defining Unicode char U+00A0 (decimal 160)
   defining Unicode char U+00A1 (decimal 161)
   defining Unicode char U+00A3 (decimal 163)
   defining Unicode char U+00AD (decimal 173)
   defining Unicode char U+00B8 (decimal 184)
   defining Unicode char U+00BF (decimal 191)
   defining Unicode char U+00C5 (decimal 197)
   defining Unicode char U+00C6 (decimal 198)
   defining Unicode char U+00D8 (decimal 216)
   defining Unicode char U+00DF (decimal 223)
   defining Unicode char U+00E6 (decimal 230)
   defining Unicode char U+00EC (decimal 236)
   defining Unicode char U+00ED (decimal 237)
   defining Unicode char U+00EE (decimal 238)
   defining Unicode char U+00EF (decimal 239)
   defining Unicode char U+00F8 (decimal 248)
   defining Unicode char U+0131 (decimal 305)
   defining Unicode char U+0141 (decimal 321)
   defining Unicode char U+0142 (decimal 322)
   defining Unicode char U+0152 (decimal 338)
   defining Unicode char U+0153 (decimal 339)
   defining Unicode char U+0174 (decimal 372)
   defining Unicode char U+0175 (decimal 373)
   defining Unicode char U+0176 (decimal 374)
   defining Unicode char U+0177 (decimal 375)
   defining Unicode char U+0218 (decimal 536)
   defining Unicode char U+0219 (decimal 537)
   defining Unicode char U+021A (decimal 538)
   defining Unicode char U+021B (decimal 539)
   defining Unicode char U+2013 (decimal 8211)
   defining Unicode char U+2014 (decimal 8212)
   defining Unicode char U+2018 (decimal 8216)
   defining Unicode char U+2019 (decimal 8217)
   defining Unicode char U+201C (decimal 8220)
   defining Unicode char U+201D (decimal 8221)
)
Now handling font encoding OMS ...
... processing UTF-8 mapping file for font encoding OMS

(/usr/local/texlive/2017/texmf-dist/tex/latex/base/omsenc.dfu
File: omsenc.dfu 2017/01/28 v1.1t UTF-8 support for inputenc
   defining Unicode char U+00A7 (decimal 167)
   defining Unicode char U+00B6 (decimal 182)
   defining Unicode char U+00B7 (decimal 183)
   defining Unicode char U+2020 (decimal 8224)
   defining Unicode char U+2021 (decimal 8225)
   defining Unicode char U+2022 (decimal 8226)
)
Now handling font encoding OMX ...
... no UTF-8 mapping file for font encoding OMX
Now handling font encoding U ...
... no UTF-8 mapping file for font encoding U
   defining Unicode char U+00A9 (decimal 169)
   defining Unicode char U+00AA (decimal 170)
   defining Unicode char U+00AE (decimal 174)
   defining Unicode char U+00BA (decimal 186)
   defining Unicode char U+02C6 (decimal 710)
   defining Unicode char U+02DC (decimal 732)
   defining Unicode char U+200C (decimal 8204)
   defining Unicode char U+2026 (decimal 8230)
   defining Unicode char U+2122 (decimal 8482)
   defining Unicode char U+2423 (decimal 9251)
))
(/usr/local/texlive/2017/texmf-dist/tex/latex/graphics/graphicx.sty
Package: graphicx 2014/10/28 v1.0g Enhanced LaTeX Graphics (DPC,SPQR)

(/usr/local/texlive/2017/texmf-dist/tex/latex/graphics/keyval.sty
Package: keyval 2014/10/28 v1.15 key=value parser (DPC)
\KV@toks@=\toks16
)
(/usr/local/texlive/2017/texmf-dist/tex/latex/graphics/graphics.sty
Package: graphics 2017/04/14 v1.1b Standard LaTeX Graphics (DPC,SPQR)

(/usr/local/texlive/2017/texmf-dist/tex/latex/graphics/trig.sty
Package: trig 2016/01/03 v1.10 sin cos tan (DPC)
)
(/usr/local/texlive/2017/texmf-dist/tex/latex/graphics-cfg/graphics.cfg
File: graphics.cfg 2016/06/04 v1.11 sample graphics configuration
)
Package graphics Info: Driver file: pdftex.def on input line 99.

(/usr/local/texlive/2017/texmf-dist/tex/latex/graphics-def/pdftex.def
File: pdftex.def 2017/01/12 v0.06k Graphics/color for pdfTeX

(/usr/local/texlive/2017/texmf-dist/tex/generic/oberdiek/infwarerr.sty
Package: infwarerr 2016/05/16 v1.4 Providing info/warning/error messages (HO)
)
(/usr/local/texlive/2017/texmf-dist/tex/generic/oberdiek/ltxcmds.sty
Package: ltxcmds 2016/05/16 v1.23 LaTeX kernel commands for general use (HO)
)
\Gread@gobject=\count90
))
\Gin@req@height=\dimen104
\Gin@req@width=\dimen105
)
(./nomencl.sty
Package: nomencl 2000/12/03 v3.1a Nomenclature package (BS)
\nomlabelwidth=\dimen106
\nom@tempdim=\dimen107
\nomitemsep=\skip43
) (/usr/local/texlive/2017/texmf-dist/tex/latex/lineno/lineno.sty
Package: lineno 2005/11/02 line numbers on paragraphs v4.41
\linenopenalty=\count91
\output=\toks17
\linenoprevgraf=\count92
\linenumbersep=\dimen108
\linenumberwidth=\dimen109
\c@linenumber=\count93
\c@pagewiselinenumber=\count94
\c@LN@truepage=\count95
\c@internallinenumber=\count96
\c@internallinenumbers=\count97
\quotelinenumbersep=\dimen110
\bframerule=\dimen111
\bframesep=\dimen112
\bframebox=\box26
LaTeX Info: Redefining \\ on input line 3056.
) (/usr/local/texlive/2017/texmf-dist/tex/latex/caption/caption.sty
Package: caption 2016/02/21 v3.3-144 Customizing captions (AR)

(/usr/local/texlive/2017/texmf-dist/tex/latex/caption/caption3.sty
Package: caption3 2016/05/22 v1.7-166 caption3 kernel (AR)
Package caption3 Info: TeX engine: e-TeX on input line 67.
\captionmargin=\dimen113
\captionmargin@=\dimen114
\captionwidth=\dimen115
\caption@tempdima=\dimen116
\caption@indent=\dimen117
\caption@parindent=\dimen118
\caption@hangindent=\dimen119
)
\c@ContinuedFloat=\count98
)
(/usr/local/texlive/2017/texmf-dist/tex/latex/caption/subcaption.sty
Package: subcaption 2016/05/22 v1.1-161 Sub-captions (AR)
\c@subfigure=\count99
\c@subtable=\count100
)
(/usr/local/texlive/2017/texmf-dist/tex/latex/braket/braket.sty)
(/usr/local/texlive/2017/texmf-dist/tex/latex/multirow/multirow.sty
Package: multirow 2016/11/25 v2.2 Span multiple rows of a table
\multirow@colwidth=\skip44
\multirow@cntb=\count101
\multirow@dima=\skip45
\bigstrutjot=\dimen120
)
\@glossaryfile=\write3
\openout3 = `diplomovka.glo'.


Writing glossary file diplomovka.glo
(./diplomovka.aux)
\openout1 = `diplomovka.aux'.

LaTeX Font Info:    Checking defaults for OML/cmm/m/it on input line 46.
LaTeX Font Info:    ... okay on input line 46.
LaTeX Font Info:    Checking defaults for T1/cmr/m/n on input line 46.
LaTeX Font Info:    ... okay on input line 46.
LaTeX Font Info:    Checking defaults for OT1/cmr/m/n on input line 46.
LaTeX Font Info:    ... okay on input line 46.
LaTeX Font Info:    Checking defaults for OMS/cmsy/m/n on input line 46.
LaTeX Font Info:    ... okay on input line 46.
LaTeX Font Info:    Checking defaults for OMX/cmex/m/n on input line 46.
LaTeX Font Info:    ... okay on input line 46.
LaTeX Font Info:    Checking defaults for U/cmr/m/n on input line 46.
LaTeX Font Info:    ... okay on input line 46.

Zoznam pou\unhbox \voidb@x \bgroup \let \unhbox \voidb@x \setbox \@tempboxa \hb
ox {z\global \mathchardef \accent@spacefactor \spacefactor }\accent 20 z\egroup
 \spacefactor \accent@spacefactor itej literat\unhbox \voidb@x \bgroup \let \un
hbox \voidb@x \setbox \@tempboxa \hbox {u\global \mathchardef \accent@spacefact
or \spacefactor }\accent 19 u\egroup \spacefactor \accent@spacefactor ry
(/usr/local/texlive/2017/texmf-dist/tex/context/base/mkii/supp-pdf.mkii
[Loading MPS to PDF converter (version 2006.09.02).]
\scratchcounter=\count102
\scratchdimen=\dimen121
\scratchbox=\box27
\nofMPsegments=\count103
\nofMParguments=\count104
\everyMPshowfont=\toks18
\MPscratchCnt=\count105
\MPscratchDim=\dimen122
\MPnumerator=\count106
\makeMPintoPDFobject=\count107
\everyMPtoPDFconversion=\toks19
) (/usr/local/texlive/2017/texmf-dist/tex/generic/oberdiek/pdftexcmds.sty
Package: pdftexcmds 2017/03/19 v0.25 Utility functions of pdfTeX for LuaTeX (HO
)

(/usr/local/texlive/2017/texmf-dist/tex/generic/oberdiek/ifluatex.sty
Package: ifluatex 2016/05/16 v1.4 Provides the ifluatex switch (HO)
Package ifluatex Info: LuaTeX not detected.
)
(/usr/local/texlive/2017/texmf-dist/tex/generic/oberdiek/ifpdf.sty
Package: ifpdf 2017/03/15 v3.2 Provides the ifpdf switch
)
Package pdftexcmds Info: LuaTeX not detected.
Package pdftexcmds Info: \pdf@primitive is available.
Package pdftexcmds Info: \pdf@ifprimitive is available.
Package pdftexcmds Info: \pdfdraftmode found.
)
(/usr/local/texlive/2017/texmf-dist/tex/latex/oberdiek/epstopdf-base.sty
Package: epstopdf-base 2016/05/15 v2.6 Base part for package epstopdf

(/usr/local/texlive/2017/texmf-dist/tex/latex/oberdiek/grfext.sty
Package: grfext 2016/05/16 v1.2 Manage graphics extensions (HO)

(/usr/local/texlive/2017/texmf-dist/tex/generic/oberdiek/kvdefinekeys.sty
Package: kvdefinekeys 2016/05/16 v1.4 Define keys (HO)
))
(/usr/local/texlive/2017/texmf-dist/tex/latex/oberdiek/kvoptions.sty
Package: kvoptions 2016/05/16 v3.12 Key value format for package options (HO)

(/usr/local/texlive/2017/texmf-dist/tex/generic/oberdiek/kvsetkeys.sty
Package: kvsetkeys 2016/05/16 v1.17 Key value parser (HO)

(/usr/local/texlive/2017/texmf-dist/tex/generic/oberdiek/etexcmds.sty
Package: etexcmds 2016/05/16 v1.6 Avoid name clashes with e-TeX commands (HO)
Package etexcmds Info: Could not find \expanded.
(etexcmds)             That can mean that you are not using pdfTeX 1.50 or
(etexcmds)             that some package has redefined \expanded.
(etexcmds)             In the latter case, load this package earlier.
)))
Package epstopdf-base Info: Redefining graphics rule for `.eps' on input line 4
38.
Package grfext Info: Graphics extension search list:
(grfext)             [.png,.pdf,.jpg,.mps,.jpeg,.jbig2,.jb2,.PNG,.PDF,.JPG,.JPE
G,.JBIG2,.JB2,.eps]
(grfext)             \AppendGraphicsExtensions on input line 456.

(/usr/local/texlive/2017/texmf-dist/tex/latex/latexconfig/epstopdf-sys.cfg
File: epstopdf-sys.cfg 2010/07/13 v1.3 Configuration of (r)epstopdf for TeX Liv
e
))
Package caption Info: Begin \AtBeginDocument code.
Package caption Info: End \AtBeginDocument code.

<./Obrazky_praca/logo-pf-upjs-cb.jpg, id=1, 174.6525pt x 174.6525pt>
File: ./Obrazky_praca/logo-pf-upjs-cb.jpg Graphic file (type jpg)

<use ./Obrazky_praca/logo-pf-upjs-cb.jpg>
Package pdftex.def Info: ./Obrazky_praca/logo-pf-upjs-cb.jpg used on input line
 58.
(pdftex.def)             Requested size: 85.35826pt x 85.35927pt.
 [1

{/usr/local/texlive/2017/texmf-var/fonts/map/pdftex/updmap/pdftex.map} <./Obraz
ky_praca/logo-pf-upjs-cb.jpg>]
[1]
Underfull \hbox (badness 1484) in paragraph at lines 90--90
\OT1/cmr/m/n/12 pr^^S^^Pstup. Tak-tie^^Tz sa chcem pod[]akovat[] pria-tel[]ovi 
Mar-ti-novi a
 []

LaTeX Font Info:    External font `cmex10' loaded for size
(Font)              <12> on input line 90.
LaTeX Font Info:    External font `cmex10' loaded for size
(Font)              <8> on input line 90.
LaTeX Font Info:    External font `cmex10' loaded for size
(Font)              <6> on input line 90.
[1]
\@abstractmargin=\skip46
 [2] [3] (./diplomovka.toc
\p@rindent=\dimen123
\p@rindent=\dimen124
\p@rindent=\dimen125
\p@rindent=\dimen126
\p@rindent=\dimen127
\p@rindent=\dimen128
 [4

]
\p@rindent=\dimen129
\p@rindent=\dimen130
\p@rindent=\dimen131
\p@rindent=\dimen132
)
\tf@toc=\write4
\openout4 = `diplomovka.toc'.

 [5] [6

] [7] [8

]
Kapitola 1.
LaTeX Font Info:    External font `cmex10' loaded for size
(Font)              <7> on input line 150.
LaTeX Font Info:    External font `cmex10' loaded for size
(Font)              <5> on input line 150.
LaTeX Font Info:    Try loading font information for OMS+cmr on input line 155.

(/usr/local/texlive/2017/texmf-dist/tex/latex/base/omscmr.fd
File: omscmr.fd 2014/09/29 v2.5h Standard LaTeX font definitions
)
LaTeX Font Info:    Font shape `OMS/cmr/m/n' in size <12> not available
(Font)              Font shape `OMS/cmsy/m/n' tried instead on input line 155.
 [9

] [10]
<./Obrazky_praca/zrazka.png, id=54, 679.53876pt x 697.60625pt>
File: ./Obrazky_praca/zrazka.png Graphic file (type png)

<use ./Obrazky_praca/zrazka.png>
Package pdftex.def Info: ./Obrazky_praca/zrazka.png used on input line 187.
(pdftex.def)             Requested size: 271.81068pt x 279.03755pt.
 [11] [12 <./Obrazky_praca/zrazka.png>]
<./Obrazky_praca/el_pole.png, id=66, 2007.5pt x 1505.625pt>
File: ./Obrazky_praca/el_pole.png Graphic file (type png)

<use ./Obrazky_praca/el_pole.png>
Package pdftex.def Info: ./Obrazky_praca/el_pole.png used on input line 217.
(pdftex.def)             Requested size: 160.60327pt x 120.45245pt.

<./Obrazky_praca/chromo_pole.png, id=67, 726.715pt x 304.13625pt>
File: ./Obrazky_praca/chromo_pole.png Graphic file (type png)

<use ./Obrazky_praca/chromo_pole.png>
Package pdftex.def Info: ./Obrazky_praca/chromo_pole.png used on input line 223
.
(pdftex.def)             Requested size: 181.6783pt x 76.03387pt.

<./Obrazky_praca/jet.png, id=68, 548.0475pt x 281.05pt>
File: ./Obrazky_praca/jet.png Graphic file (type png)

<use ./Obrazky_praca/jet.png>
Package pdftex.def Info: ./Obrazky_praca/jet.png used on input line 230.
(pdftex.def)             Requested size: 274.02307pt x 140.52464pt.

Overfull \hbox (1.16347pt too wide) in paragraph at lines 238--239
\OT1/cmr/m/n/12 V^^Sysledky expe-ri-men-tov uka-zuj^^Su, ^^Tze vlast-nosti je-t
ov sa l^^S^^P^^Tsia podl[]a toho, z ak^^Seho part^^Sonu
 []

[13 <./Obrazky_praca/el_pole.png> <./Obrazky_praca/chromo_pole.png (PNG copy)> 
<./Obrazky_praca/jet.png>]
<./Obrazky_praca/multiplic.png, id=74, 786.94pt x 630.355pt>
File: ./Obrazky_praca/multiplic.png Graphic file (type png)

<use ./Obrazky_praca/multiplic.png>
Package pdftex.def Info: ./Obrazky_praca/multiplic.png used on input line 242.
(pdftex.def)             Requested size: 348.2631pt x 278.96333pt.
 [14 <./Obrazky_praca/multiplic.png>]
<./Obrazky_praca/phasDiag.png, id=79, 500.87125pt x 396.48125pt>
File: ./Obrazky_praca/phasDiag.png Graphic file (type png)

<use ./Obrazky_praca/phasDiag.png>
Package pdftex.def Info: ./Obrazky_praca/phasDiag.png used on input line 254.
(pdftex.def)             Requested size: 250.435pt x 198.24013pt.

Underfull \hbox (badness 1460) in paragraph at lines 260--260
[][]\OT1/cmr/m/n/10 z angl. Co-lour Glass Con-de-sate - uni-verz^^Salna forma h
moty tvo-riaca vy-so-ko-ener-ge-tick^^Se
 []

[15 <./Obrazky_praca/phasDiag.png>]
<./Obrazky_praca/QGP1.png, id=84, 778.91pt x 715.67375pt>
File: ./Obrazky_praca/QGP1.png Graphic file (type png)

<use ./Obrazky_praca/QGP1.png>
Package pdftex.def Info: ./Obrazky_praca/QGP1.png used on input line 268.
(pdftex.def)             Requested size: 272.62259pt x 250.48956pt.
 [16 <./Obrazky_praca/QGP1.png>]
Overfull \hbox (5.63704pt too wide) in paragraph at lines 278--279
\OT1/cmr/m/n/12 znakmi, ktor^^Se z^^Savisia najm[]a od ener-gie zr^^Sa^^Tzky. P
reto boli na jed-not-liv^^Sych ur^^Sychl[]ova^^Tcoch
 []


Overfull \hbox (10.05836pt too wide) in paragraph at lines 283--285
[]\OT1/cmr/m/n/12 zv^^Sy^^Tsen^^Sa pro-duk-cia po-div-nosti oproti prot^^Sonovo
-prot^^Sonov^^Sym zr^^Sa^^Tzkam. Tvorba
 []

[17]
Overfull \hbox (13.57024pt too wide) in paragraph at lines 293--294
[]\OT1/cmr/m/n/12 v pod-state v^^Tsetky sig-nat^^Sury po-zo-ro-van^^Se pri ni^^
Tz^^Ts^^S^^Pch energi^^Sach na ur^^Sychl[]ova^^Tcoch
 []

<./Obrazky_praca/zvysenie.png, id=93, 548.0475pt x 394.47375pt>
File: ./Obrazky_praca/zvysenie.png Graphic file (type png)

<use ./Obrazky_praca/zvysenie.png>
Package pdftex.def Info: ./Obrazky_praca/zvysenie.png used on input line 301.
(pdftex.def)             Requested size: 219.2151pt x 157.7867pt.

<./Obrazky_praca/elipticflow.png, id=94, 808.01875pt x 390.45876pt>
File: ./Obrazky_praca/elipticflow.png Graphic file (type png)

<use ./Obrazky_praca/elipticflow.png>
Package pdftex.def Info: ./Obrazky_praca/elipticflow.png used on input line 309
.
(pdftex.def)             Requested size: 282.8108pt x 136.6626pt.

<./Obrazky_praca/nature.png, id=95, 396.48125pt x 333.245pt>
File: ./Obrazky_praca/nature.png Graphic file (type png)

<use ./Obrazky_praca/nature.png>
Package pdftex.def Info: ./Obrazky_praca/nature.png used on input line 319.
(pdftex.def)             Requested size: 237.89058pt x 199.94853pt.

Overfull \hbox (0.71962pt too wide) in paragraph at lines 316--324
\OT1/cmr/m/n/12 tom. Nov^^Se me-ra-nia prot^^Sonovo-prot^^Sonov^^Sych a prot^^S
onovo-oloven^^Sych zr^^Sa^^Tzok pri energi^^Sach
 []

[18 <./Obrazky_praca/zvysenie.png>] [19 <./Obrazky_praca/elipticflow.png> <./Ob
razky_praca/nature.png>]
Kapitola 2.

Overfull \hbox (19.3105pt too wide) in paragraph at lines 341--342
\OT1/cmr/m/n/12 pro-til[]ahl^^Sy p^^S^^Pk (v an-gli^^Tctine ''away-side peak'')
(obr. 2.11[]). In^^Sa situ^^Sacia nast^^Sava v pozd[]l^^Tznom
 []

[20

]
<./Obrazky_praca/dijetcorrelations.png, id=109, 771.88374pt x 265.99374pt>
File: ./Obrazky_praca/dijetcorrelations.png Graphic file (type png)

<use ./Obrazky_praca/dijetcorrelations.png>
Package pdftex.def Info: ./Obrazky_praca/dijetcorrelations.png used on input li
ne 345.
(pdftex.def)             Requested size: 435.32724pt x 150.0148pt.
 [21 <./Obrazky_praca/dijetcorrelations.png>]
Overfull \hbox (6.59778pt too wide) in paragraph at lines 382--383
\OT1/cmr/m/n/12 tra-lity si-mu-lo-van^^S^^Pm odozvy TPC na pre-chod ^^Tcastice.
 []U^^Tcinnost[] bola pri-bli^^Tzne kon^^Tstantn^^Sa
 []

[22] <./Obrazky_praca/clanokstar.png, id=118, 479.54156pt x 484.05844pt>
File: ./Obrazky_praca/clanokstar.png Graphic file (type png)

<use ./Obrazky_praca/clanokstar.png>
Package pdftex.def Info: ./Obrazky_praca/clanokstar.png used on input line 399.

(pdftex.def)             Requested size: 239.77019pt x 242.02863pt.
 [23] [24 <./Obrazky_praca/clanokstar.png>] <./Obrazky_praca/clanok2.png, id=12
7, 459.21562pt x 432.86719pt>
File: ./Obrazky_praca/clanok2.png Graphic file (type png)

<use ./Obrazky_praca/clanok2.png>
Package pdftex.def Info: ./Obrazky_praca/clanok2.png used on input line 424.
(pdftex.def)             Requested size: 413.29024pt x 389.57686pt.

<./Obrazky_praca/CMSppMinBias.png, id=128, 286.06876pt x 253.94875pt>
File: ./Obrazky_praca/CMSppMinBias.png Graphic file (type png)

<use ./Obrazky_praca/CMSppMinBias.png>
Package pdftex.def Info: ./Obrazky_praca/CMSppMinBias.png used on input line 43
7.
(pdftex.def)             Requested size: 217.66362pt x 193.22778pt.

<./Obrazky_praca/CMSppHigh.png, id=129, 286.06876pt x 247.92625pt>
File: ./Obrazky_praca/CMSppHigh.png Graphic file (type png)

<use ./Obrazky_praca/CMSppHigh.png>
Package pdftex.def Info: ./Obrazky_praca/CMSppHigh.png used on input line 442.
(pdftex.def)             Requested size: 217.66362pt x 188.64532pt.

<./Obrazky_praca/CMSpPb.png, id=130, 659.46375pt x 280.04625pt>
File: ./Obrazky_praca/CMSpPb.png Graphic file (type png)

<use ./Obrazky_praca/CMSpPb.png>
Package pdftex.def Info: ./Obrazky_praca/CMSpPb.png used on input line 453.
(pdftex.def)             Requested size: 435.32724pt x 184.86954pt.
 [25] [26 <./Obrazky_praca/clanok2.png>]
[27 <./Obrazky_praca/CMSppMinBias.png> <./Obrazky_praca/CMSppHigh.png> <./Obraz
ky_praca/CMSpPb.png>]
<./Obrazky_praca/ALICEpPbPred.png, id=144, 448.67625pt x 296.10625pt>
File: ./Obrazky_praca/ALICEpPbPred.png Graphic file (type png)

<use ./Obrazky_praca/ALICEpPbPred.png>
Package pdftex.def Info: ./Obrazky_praca/ALICEpPbPred.png used on input line 46
4.
(pdftex.def)             Requested size: 217.66362pt x 143.64749pt.

<./Obrazky_praca/ALICEpPbPo.png, id=145, 446.66875pt x 295.1025pt>
File: ./Obrazky_praca/ALICEpPbPo.png Graphic file (type png)

<use ./Obrazky_praca/ALICEpPbPo.png>
Package pdftex.def Info: ./Obrazky_praca/ALICEpPbPo.png used on input line 470.

(pdftex.def)             Requested size: 217.66362pt x 143.80446pt.

<./Obrazky_praca/ALICErozdiel.png, id=146, 329.23pt x 325.215pt>
File: ./Obrazky_praca/ALICErozdiel.png Graphic file (type png)

<use ./Obrazky_praca/ALICErozdiel.png>
Package pdftex.def Info: ./Obrazky_praca/ALICErozdiel.png used on input line 47
9.
(pdftex.def)             Requested size: 304.72774pt x 301.01765pt.
 [28 <./Obrazky_praca/ALICEpPbPred.png> <./Obrazky_praca/ALICEpPbPo.png>] [29 <
./Obrazky_praca/ALICErozdiel.png>]
Kapitola 3.
[30

]
Kapitola 4.
<./Obrazky_praca/ALICE.png, id=160, 965.6075pt x 711.65875pt>
File: ./Obrazky_praca/ALICE.png Graphic file (type png)

<use ./Obrazky_praca/ALICE.png>
Package pdftex.def Info: ./Obrazky_praca/ALICE.png used on input line 512.
(pdftex.def)             Requested size: 391.79185pt x 288.7523pt.
 [31

] [32 <./Obrazky_praca/ALICE.png>]
Overfull \hbox (5.33551pt too wide) in paragraph at lines 531--532
[]\OT1/cmr/m/n/12 TPC je va-lec na-pl-nen^^Sy ply-no-vou zme-sou ( $\OML/cmm/m/
it/12 Ne=CO[]=N[]$\OT1/cmr/m/n/12 ) s ob-je-mom $88\OML/cmm/m/it/12 m[]$ \OT1/c
mr/m/n/12 (obr. 4.19[])
 []


Overfull \hbox (0.36269pt too wide) in paragraph at lines 531--532
\OT1/cmr/m/n/12 roz-de-len^^Sy centr^^Salnou elektr^^Sodou na dve drif-to-va-ci
e ^^Tcasti. Pozd[]l^^Tz z-ovej osi je udr^^Tziavan^^Se
 []

<./Obrazky_praca/tpc.png, id=168, 606.265pt x 464.73625pt>
File: ./Obrazky_praca/tpc.png Graphic file (type png)

<use ./Obrazky_praca/tpc.png>
Package pdftex.def Info: ./Obrazky_praca/tpc.png used on input line 535.
(pdftex.def)             Requested size: 304.72774pt x 233.59435pt.
 [33 <./Obrazky_praca/tpc.png>] [34] [35]
Kapitola 5.
[36

] <./Obrazky_praca/SchemaV0.png, id=183, 417.81094pt x 327.47343pt>
File: ./Obrazky_praca/SchemaV0.png Graphic file (type png)

<use ./Obrazky_praca/SchemaV0.png>
Package pdftex.def Info: ./Obrazky_praca/SchemaV0.png used on input line 584.
(pdftex.def)             Requested size: 334.2492pt x 261.97911pt.
 [37 <./Obrazky_praca/SchemaV0.png>]
Overfull \hbox (15.0153pt too wide) in paragraph at lines 611--612
[]\OT1/cmr/m/n/12 Na z^^Saklade t^^Sychto se-lek^^Tcn^^Sych krit^^Serii sme z r
oz-de-le-nia in-va-riat-nej hmot-nosti dc^^Serskych
 []

<../histogramy/massK0.png, id=188, 700.6175pt x 476.78125pt>
File: ../histogramy/massK0.png Graphic file (type png)

<use ../histogramy/massK0.png>
Package pdftex.def Info: ../histogramy/massK0.png used on input line 615.
(pdftex.def)             Requested size: 280.24203pt x 190.7091pt.

<../histogramy/massLam.png, id=189, 700.6175pt x 476.78125pt>
File: ../histogramy/massLam.png Graphic file (type png)

<use ../histogramy/massLam.png>
Package pdftex.def Info: ../histogramy/massLam.png used on input line 623.
(pdftex.def)             Requested size: 217.66362pt x 148.12076pt.

<../histogramy/massALam.png, id=190, 700.6175pt x 476.78125pt>
File: ../histogramy/massALam.png Graphic file (type png)

<use ../histogramy/massALam.png>
Package pdftex.def Info: ../histogramy/massALam.png used on input line 629.
(pdftex.def)             Requested size: 217.66362pt x 148.12076pt.
 [38 <../histogramy/massK0.png>]
<./Obrazky_praca/pozadie.png, id=194, 700.6175pt x 476.78125pt>
File: ./Obrazky_praca/pozadie.png Graphic file (type png)

<use ./Obrazky_praca/pozadie.png>
Package pdftex.def Info: ./Obrazky_praca/pozadie.png used on input line 646.
(pdftex.def)             Requested size: 350.30789pt x 238.39003pt.
 [39 <../histogramy/massLam.png> <../histogramy/massALam.png>]

LaTeX Font Warning: Command \footnotesize invalid in math mode on input line 65
3.

LaTeX Font Info:    Calculating math sizes for size <> on input line 655.

LaTeX Font Warning: Font shape `OT1/cmr/m/n' in size <> not available
(Font)              size <5> substituted on input line 655.


LaTeX Font Warning: Font shape `OT1/cmr/m/n' in size <0.7> not available
(Font)              size <5> substituted on input line 655.


LaTeX Font Warning: Font shape `OT1/cmr/m/n' in size <0.5> not available
(Font)              size <5> substituted on input line 655.


LaTeX Font Warning: Font shape `OML/cmm/m/it' in size <> not available
(Font)              size <5> substituted on input line 655.


LaTeX Font Warning: Font shape `OML/cmm/m/it' in size <0.7> not available
(Font)              size <5> substituted on input line 655.


LaTeX Font Warning: Font shape `OML/cmm/m/it' in size <0.5> not available
(Font)              size <5> substituted on input line 655.


LaTeX Font Warning: Font shape `OMS/cmsy/m/n' in size <> not available
(Font)              size <5> substituted on input line 655.


LaTeX Font Warning: Font shape `OMS/cmsy/m/n' in size <0.7> not available
(Font)              size <5> substituted on input line 655.


LaTeX Font Warning: Font shape `OMS/cmsy/m/n' in size <0.5> not available
(Font)              size <5> substituted on input line 655.

LaTeX Font Info:    External font `cmex10' loaded for size
(Font)              <> on input line 655.
LaTeX Font Info:    External font `cmex10' loaded for size
(Font)              <0.7> on input line 655.
LaTeX Font Info:    External font `cmex10' loaded for size
(Font)              <0.5> on input line 655.

LaTeX Warning: Citation `Jan-Fiete' on page 40 undefined on input line 656.


LaTeX Font Warning: Command \footnotesize invalid in math mode on input line 65
8.


LaTeX Font Warning: Command \footnotesize invalid in math mode on input line 66
4.


LaTeX Font Warning: Command \footnotesize invalid in math mode on input line 67
0.

<../histogramy/vytazky/ucinnost.png, id=198, 700.6175pt x 476.78125pt>
File: ../histogramy/vytazky/ucinnost.png Graphic file (type png)

<use ../histogramy/vytazky/ucinnost.png>
Package pdftex.def Info: ../histogramy/vytazky/ucinnost.png used on input line 
676.
(pdftex.def)             Requested size: 280.24203pt x 190.7091pt.
 [40 <./Obrazky_praca/pozadie.png>]
[41 <../histogramy/vytazky/ucinnost.png>]
<../histogramy/PorovnanieMC/Projekcie/fitPhi.png, id=207, 700.6175pt x 476.7812
5pt>
File: ../histogramy/PorovnanieMC/Projekcie/fitPhi.png Graphic file (type png)
 <use ../histogramy/PorovnanieMC/Projekcie/fitPhi.png>
Package pdftex.def Info: ../histogramy/PorovnanieMC/Projekcie/fitPhi.png used o
n input line 692.
(pdftex.def)             Requested size: 239.4313pt x 162.93283pt.

Overfull \hbox (21.76768pt too wide) in paragraph at lines 692--693
 [][] 
 []


<../histogramy/PorovnanieMC/Projekcie/fitEta.png, id=208, 700.6175pt x 476.7812
5pt>
File: ../histogramy/PorovnanieMC/Projekcie/fitEta.png Graphic file (type png)
 <use ../histogramy/PorovnanieMC/Projekcie/fitEta.png>
Package pdftex.def Info: ../histogramy/PorovnanieMC/Projekcie/fitEta.png used o
n input line 698.
(pdftex.def)             Requested size: 239.4313pt x 162.93283pt.

Overfull \hbox (21.76768pt too wide) in paragraph at lines 698--699
 [][] 
 []


<../histogramy/PorovnanieMC/Projekcie/15a+c_K0_phi.png, id=209, 1282.7925pt x 7
77.90625pt>
File: ../histogramy/PorovnanieMC/Projekcie/15a+c_K0_phi.png Graphic file (type 
png)
 <use ../histogramy/PorovnanieMC/Projekcie/15a+c_K0_phi.png>
Package pdftex.def Info: ../histogramy/PorovnanieMC/Projekcie/15a+c_K0_phi.png 
used on input line 708.
(pdftex.def)             Requested size: 435.32724pt x 263.98608pt.

<../histogramy/PorovnanieMC/Projekcie/15a+c_K0_eta.png, id=210, 1282.7925pt x 7
77.90625pt>
File: ../histogramy/PorovnanieMC/Projekcie/15a+c_K0_eta.png Graphic file (type 
png)
 <use ../histogramy/PorovnanieMC/Projekcie/15a+c_K0_eta.png>
Package pdftex.def Info: ../histogramy/PorovnanieMC/Projekcie/15a+c_K0_eta.png 
used on input line 715.
(pdftex.def)             Requested size: 435.32724pt x 263.98608pt.

<../histogramy/PorovnanieMC/Projekcie/15a+c_Lam_phi.png, id=211, 1282.7925pt x 
777.90625pt>
File: ../histogramy/PorovnanieMC/Projekcie/15a+c_Lam_phi.png Graphic file (type
 png)
 <use ../histogramy/PorovnanieMC/Projekcie/15a+c_Lam_phi.png>
Package pdftex.def Info: ../histogramy/PorovnanieMC/Projekcie/15a+c_Lam_phi.png
 used on input line 721.
(pdftex.def)             Requested size: 435.32724pt x 263.98608pt.

<../histogramy/PorovnanieMC/Projekcie/15a+c_Lam_eta.png, id=212, 1282.7925pt x 
777.90625pt>
File: ../histogramy/PorovnanieMC/Projekcie/15a+c_Lam_eta.png Graphic file (type
 png)
 <use ../histogramy/PorovnanieMC/Projekcie/15a+c_Lam_eta.png>
Package pdftex.def Info: ../histogramy/PorovnanieMC/Projekcie/15a+c_Lam_eta.png
 used on input line 727.
(pdftex.def)             Requested size: 435.32724pt x 263.98608pt.

<../histogramy/PorovnanieMC/Projekcie/15a+c_hh_phi.png, id=213, 1282.7925pt x 7
77.90625pt>
File: ../histogramy/PorovnanieMC/Projekcie/15a+c_hh_phi.png Graphic file (type 
png)
 <use ../histogramy/PorovnanieMC/Projekcie/15a+c_hh_phi.png>
Package pdftex.def Info: ../histogramy/PorovnanieMC/Projekcie/15a+c_hh_phi.png 
used on input line 734.
(pdftex.def)             Requested size: 435.32724pt x 263.98608pt.

<../histogramy/PorovnanieMC/Projekcie/15a+c_hh_eta.png, id=214, 1282.7925pt x 7
77.90625pt>
File: ../histogramy/PorovnanieMC/Projekcie/15a+c_hh_eta.png Graphic file (type 
png)
 <use ../histogramy/PorovnanieMC/Projekcie/15a+c_hh_eta.png>
Package pdftex.def Info: ../histogramy/PorovnanieMC/Projekcie/15a+c_hh_eta.png 
used on input line 741.
(pdftex.def)             Requested size: 435.32724pt x 263.98608pt.

<./Obrazky_praca/DeltaPhiKH.png, id=215, 1282.7925pt x 777.90625pt>
File: ./Obrazky_praca/DeltaPhiKH.png Graphic file (type png)

<use ./Obrazky_praca/DeltaPhiKH.png>
Package pdftex.def Info: ./Obrazky_praca/DeltaPhiKH.png used on input line 756.

(pdftex.def)             Requested size: 435.32724pt x 263.98608pt.

<./Obrazky_praca/DeltaPhiLH.png, id=216, 1282.7925pt x 777.90625pt>
File: ./Obrazky_praca/DeltaPhiLH.png Graphic file (type png)

<use ./Obrazky_praca/DeltaPhiLH.png>
Package pdftex.def Info: ./Obrazky_praca/DeltaPhiLH.png used on input line 763.

(pdftex.def)             Requested size: 435.32724pt x 263.98608pt.

<./Obrazky_praca/DeltaPhiHH.png, id=217, 1282.7925pt x 777.90625pt>
File: ./Obrazky_praca/DeltaPhiHH.png Graphic file (type png)

<use ./Obrazky_praca/DeltaPhiHH.png>
Package pdftex.def Info: ./Obrazky_praca/DeltaPhiHH.png used on input line 770.

(pdftex.def)             Requested size: 435.32724pt x 263.98608pt.
 [42 <../histogramy/PorovnanieMC/Projekcie/fitPhi.png> <../histogramy/Porovnani
eMC/Projekcie/fitEta.png>] [43 <../histogramy/PorovnanieMC/Projekcie/15a+c_K0_p
hi.png> <../histogramy/PorovnanieMC/Projekcie/15a+c_K0_eta.png>] [44 <../histog
ramy/PorovnanieMC/Projekcie/15a+c_Lam_phi.png> <../histogramy/PorovnanieMC/Proj
ekcie/15a+c_Lam_eta.png>] [45 <../histogramy/PorovnanieMC/Projekcie/15a+c_hh_ph
i.png> <../histogramy/PorovnanieMC/Projekcie/15a+c_hh_eta.png>] [46 <./Obrazky_
praca/DeltaPhiKH.png> <./Obrazky_praca/DeltaPhiLH.png>]
<./Obrazky_praca/vytazky_minBias_prilahly_mult.png, id=233, 700.6175pt x 476.78
125pt>
File: ./Obrazky_praca/vytazky_minBias_prilahly_mult.png Graphic file (type png)

 <use ./Obrazky_praca/vytazky_minBias_prilahly_mult.png>
Package pdftex.def Info: ./Obrazky_praca/vytazky_minBias_prilahly_mult.png used
 on input line 780.
(pdftex.def)             Requested size: 348.2631pt x 237.00049pt.

<./Obrazky_praca/vytazky_minBias_protilahly_mult.png, id=234, 700.6175pt x 476.
78125pt>
File: ./Obrazky_praca/vytazky_minBias_protilahly_mult.png Graphic file (type pn
g)
 <use ./Obrazky_praca/vytazky_minBias_protilahly_mult.png>
Package pdftex.def Info: ./Obrazky_praca/vytazky_minBias_protilahly_mult.png us
ed on input line 787.
(pdftex.def)             Requested size: 348.2631pt x 237.00049pt.

<./Obrazky_praca/vytazky_Kh_prilahly_mult.png, id=235, 700.6175pt x 476.78125pt
>
File: ./Obrazky_praca/vytazky_Kh_prilahly_mult.png Graphic file (type png)
 <use ./Obrazky_praca/vytazky_Kh_prilahly_mult.png>
Package pdftex.def Info: ./Obrazky_praca/vytazky_Kh_prilahly_mult.png used on i
nput line 798.
(pdftex.def)             Requested size: 217.66362pt x 148.12076pt.

<./Obrazky_praca/vytazky_Kh_protilahly_mult.png, id=236, 700.6175pt x 476.78125
pt>
File: ./Obrazky_praca/vytazky_Kh_protilahly_mult.png Graphic file (type png)
 <use ./Obrazky_praca/vytazky_Kh_protilahly_mult.png>
Package pdftex.def Info: ./Obrazky_praca/vytazky_Kh_protilahly_mult.png used on
 input line 804.
(pdftex.def)             Requested size: 217.66362pt x 148.12076pt.

<./Obrazky_praca/vytazky_Lh_prilahly_mult.png, id=237, 700.6175pt x 476.78125pt
>
File: ./Obrazky_praca/vytazky_Lh_prilahly_mult.png Graphic file (type png)
 <use ./Obrazky_praca/vytazky_Lh_prilahly_mult.png>
Package pdftex.def Info: ./Obrazky_praca/vytazky_Lh_prilahly_mult.png used on i
nput line 815.
(pdftex.def)             Requested size: 217.66362pt x 148.12076pt.

<./Obrazky_praca/vytazky_Lh_protilahly_mult.png, id=238, 700.6175pt x 476.78125
pt>
File: ./Obrazky_praca/vytazky_Lh_protilahly_mult.png Graphic file (type png)
 <use ./Obrazky_praca/vytazky_Lh_protilahly_mult.png>
Package pdftex.def Info: ./Obrazky_praca/vytazky_Lh_protilahly_mult.png used on
 input line 821.
(pdftex.def)             Requested size: 217.66362pt x 148.12076pt.

<./Obrazky_praca/vytazky_hh_prilahly_mult.png, id=239, 700.6175pt x 476.78125pt
>
File: ./Obrazky_praca/vytazky_hh_prilahly_mult.png Graphic file (type png)
 <use ./Obrazky_praca/vytazky_hh_prilahly_mult.png>
Package pdftex.def Info: ./Obrazky_praca/vytazky_hh_prilahly_mult.png used on i
nput line 832.
(pdftex.def)             Requested size: 217.66362pt x 148.12076pt.

<./Obrazky_praca/vytazky_hh_protilahly_mult.png, id=240, 700.6175pt x 476.78125
pt>
File: ./Obrazky_praca/vytazky_hh_protilahly_mult.png Graphic file (type png)
 <use ./Obrazky_praca/vytazky_hh_protilahly_mult.png>
Package pdftex.def Info: ./Obrazky_praca/vytazky_hh_protilahly_mult.png used on
 input line 838.
(pdftex.def)             Requested size: 217.66362pt x 148.12076pt.
 [47 <./Obrazky_praca/DeltaPhiHH.png> <./Obrazky_praca/vytazky_minBias_prilahly
_mult.png>]
<./Obrazky_praca/odcitane.png, id=245, 1282.7925pt x 777.90625pt>
File: ./Obrazky_praca/odcitane.png Graphic file (type png)

<use ./Obrazky_praca/odcitane.png>
Package pdftex.def Info: ./Obrazky_praca/odcitane.png used on input line 852.
(pdftex.def)             Requested size: 348.2631pt x 211.18887pt.

<./Obrazky_praca/ICP.png, id=246, 1282.7925pt x 777.90625pt>
File: ./Obrazky_praca/ICP.png Graphic file (type png)

<use ./Obrazky_praca/ICP.png>
Package pdftex.def Info: ./Obrazky_praca/ICP.png used on input line 859.
(pdftex.def)             Requested size: 348.2631pt x 211.18887pt.
 [48 <./Obrazky_praca/vytazky_minBias_protilahly_mult.png>] [49 <./Obrazky_prac
a/vytazky_Kh_prilahly_mult.png> <./Obrazky_praca/vytazky_Kh_protilahly_mult.png
> <./Obrazky_praca/vytazky_Lh_prilahly_mult.png> <./Obrazky_praca/vytazky_Lh_pr
otilahly_mult.png> <./Obrazky_praca/vytazky_hh_prilahly_mult.png> <./Obrazky_pr
aca/vytazky_hh_protilahly_mult.png>] [50 <./Obrazky_praca/odcitane.png> <./Obra
zky_praca/ICP.png>]
Kapitola 6.

Overfull \hbox (5.6024pt too wide) in paragraph at lines 868--869
[]\OT1/cmr/m/n/12 V^^Syt[]a^^Tzky pro-til[]ahl^^Sych p^^S^^Pkov s^^Su ni^^Tz^^T
sie ako pril[]ahl^^Sych. Tento efekt m^o^^Tze byt[] sp^osoben^^Sy
 []

[51

]

LaTeX Warning: Reference `ALICEPbPb' on page 52 undefined on input line 879.

[52] <./Obrazky_praca/vytazok_near_K0_MC.png, id=263, 600.2425pt x 732.7375pt>
File: ./Obrazky_praca/vytazok_near_K0_MC.png Graphic file (type png)

<use ./Obrazky_praca/vytazok_near_K0_MC.png>
Package pdftex.def Info: ./Obrazky_praca/vytazok_near_K0_MC.png used on input l
ine 889.
(pdftex.def)             Requested size: 174.13155pt x 212.5667pt.

<./Obrazky_praca/vytazok_away_K0_MC.png, id=264, 600.2425pt x 732.7375pt>
File: ./Obrazky_praca/vytazok_away_K0_MC.png Graphic file (type png)

<use ./Obrazky_praca/vytazok_away_K0_MC.png>
Package pdftex.def Info: ./Obrazky_praca/vytazok_away_K0_MC.png used on input l
ine 894.
(pdftex.def)             Requested size: 174.13155pt x 212.5667pt.

<./Obrazky_praca/vytazok_near_Lam_MC.png, id=265, 600.2425pt x 732.7375pt>
File: ./Obrazky_praca/vytazok_near_Lam_MC.png Graphic file (type png)

<use ./Obrazky_praca/vytazok_near_Lam_MC.png>
Package pdftex.def Info: ./Obrazky_praca/vytazok_near_Lam_MC.png used on input 
line 905.
(pdftex.def)             Requested size: 174.13155pt x 212.5667pt.

<./Obrazky_praca/vytazok_away_Lam_MC.png, id=266, 600.2425pt x 732.7375pt>
File: ./Obrazky_praca/vytazok_away_Lam_MC.png Graphic file (type png)

<use ./Obrazky_praca/vytazok_away_Lam_MC.png>
Package pdftex.def Info: ./Obrazky_praca/vytazok_away_Lam_MC.png used on input 
line 910.
(pdftex.def)             Requested size: 174.13155pt x 212.5667pt.

<./Obrazky_praca/vytazok_near_hh_MC.png, id=267, 600.2425pt x 732.7375pt>
File: ./Obrazky_praca/vytazok_near_hh_MC.png Graphic file (type png)

<use ./Obrazky_praca/vytazok_near_hh_MC.png>
Package pdftex.def Info: ./Obrazky_praca/vytazok_near_hh_MC.png used on input l
ine 921.
(pdftex.def)             Requested size: 174.13155pt x 212.5667pt.

<./Obrazky_praca/vytazok_away_hh__MC.png, id=268, 600.2425pt x 732.7375pt>
File: ./Obrazky_praca/vytazok_away_hh__MC.png Graphic file (type png)

<use ./Obrazky_praca/vytazok_away_hh__MC.png>
Package pdftex.def Info: ./Obrazky_praca/vytazok_away_hh__MC.png used on input 
line 926.
(pdftex.def)             Requested size: 174.13155pt x 212.5667pt.
 [53 <./Obrazky_praca/vytazok_near_K0_MC.png> <./Obrazky_praca/vytazok_away_K0_
MC.png> <./Obrazky_praca/vytazok_near_Lam_MC.png> <./Obrazky_praca/vytazok_away
_Lam_MC.png>]
<./Obrazky_praca/neistotaZYAM.png, id=273, 1282.7925pt x 777.90625pt>
File: ./Obrazky_praca/neistotaZYAM.png Graphic file (type png)

<use ./Obrazky_praca/neistotaZYAM.png>
Package pdftex.def Info: ./Obrazky_praca/neistotaZYAM.png used on input line 94
1.
(pdftex.def)             Requested size: 348.2631pt x 211.18887pt.

<./Obrazky_praca/neistotaMix.png, id=274, 1282.7925pt x 777.90625pt>
File: ./Obrazky_praca/neistotaMix.png Graphic file (type png)

<use ./Obrazky_praca/neistotaMix.png>
Package pdftex.def Info: ./Obrazky_praca/neistotaMix.png used on input line 948
.
(pdftex.def)             Requested size: 348.2631pt x 211.18887pt.

Underfull \hbox (badness 10000) in paragraph at lines 958--958
[]\OT1/cmr/m/n/12 trigrovacie
 []


Underfull \hbox (badness 10000) in paragraph at lines 958--958
[]\OT1/cmr/m/n/12 trigrovacie
 []


Underfull \hbox (badness 10000) in paragraph at lines 958--958
[]\OT1/cmr/m/n/12 trigrovacie
 []


Overfull \hbox (12.1942pt too wide) in paragraph at lines 955--967
 [] 
 []

[54 <./Obrazky_praca/vytazok_near_hh_MC.png> <./Obrazky_praca/vytazok_away_hh__
MC.png>] [55 <./Obrazky_praca/neistotaZYAM.png> <./Obrazky_praca/neistotaMix.pn
g>] [56] [57

]
Underfull \hbox (badness 4492) in paragraph at lines 993--994
[]\OT1/cmr/m/n/12 R. AAIJ, B. ADEVA, M. ADI-NOLFI, et al. Ob-ser-va-tion of $\O
ML/cmm/m/it/12 J= $ \OT1/cmr/m/n/12 p
 []


Underfull \hbox (badness 3354) in paragraph at lines 993--994
\OT1/cmr/m/n/12 Re-so-nan-ces Con-sis-tent with Pen-ta-qu-ark Sta-tes in $^^C[]
 \OMS/cmsy/m/n/12 ! \OML/cmm/m/it/12 J= K[]p$ \OT1/cmr/m/n/12 De-
 []


Underfull \hbox (badness 10000) in paragraph at lines 993--994
\OT1/cmr/m/n/12 cays. \OT1/cmr/m/it/12 Phy-si-cal Re-view Let-ters \OT1/cmr/m/n
/12 [on-line]. 2015, 115(7), ISSN 0031-9007.
 []


Underfull \hbox (badness 10000) in paragraph at lines 996--998
[]\OT1/cmr/m/n/12 Y. HE, I. VI-TEV, B. ZHANG. $\OML/cmm/m/it/12 O\OT1/cmr/m/n/1
2 (\OML/cmm/m/it/12 \OT1/cmr/m/n/12 )$ Ana-ly-sis of Inc-lu-sive Jet
 []


Underfull \hbox (badness 10000) in paragraph at lines 996--998
\OT1/cmr/m/n/12 and Di-jet Pro-duc-tion in He-avy Ion Re-ac-ti-ons at the Large
 Had-
 []


Underfull \hbox (badness 5050) in paragraph at lines 996--998
\OT1/cmr/m/n/12 ron Col-li-der. \OT1/cmr/m/it/12 Phy-sics Let-ters B \OT1/cmr/m
/n/12 [on-line]. 2012, 713(3), ISSN 03702693.
 []


Underfull \hbox (badness 10000) in paragraph at lines 1005--1006
[]\OT1/cmr/m/n/12 http://physics.stackexchange.com/questions/155327/zero-net-fo
rce-on-grass-
 []


Overfull \hbox (6.15956pt too wide) in paragraph at lines 1007--1008
[]\OT1/cmr/m/n/12 http://hepg.sdu.edu.cn/THPPC/reports/seminar2009/0316[]lund[]
string[]model.pdf 
 []


Underfull \hbox (badness 3713) in paragraph at lines 1011--1012
[]\OT1/cmr/m/n/12 P. AB-REU, W. ADAM, T. ADYE, et al. The scale de-pen-dence of

 []


Underfull \hbox (badness 2359) in paragraph at lines 1011--1012
\OT1/cmr/m/n/12 the had-ron mul-tip-li-city in qu-ark and gluon jets and a pre-
cise de-ter-mi-
 []


Underfull \hbox (badness 2205) in paragraph at lines 1011--1012
\OT1/cmr/m/n/12 na-tion of $\OML/cmm/m/it/12 C[]=C[]$ \OT1/cmr/m/it/12 Phy-sics
 Let-ters B\OT1/cmr/m/n/12 . 1999, extbf449(3-4). ISSN 03702693.
 []

[58

]
Underfull \hbox (badness 10000) in paragraph at lines 1017--1018
[]\OT1/cmr/m/n/12 G. MAR-TI-NEZ GAR-CIA. Ad-van-ces in Qu-ark Gluon Plasma,
 []


Underfull \hbox (badness 10000) in paragraph at lines 1023--1024
[]\OT1/cmr/m/n/12 P. BRAUN-MUNZINGER, J. STA-CHEL a C. WET-TE-RICH. Che-
 []


Underfull \hbox (badness 10000) in paragraph at lines 1023--1024
\OT1/cmr/m/n/12 mi-cal freeze-out and the QCD phase trans-i-tion tem-pe-ra-ture
. \OT1/cmr/m/it/12 Phy-
 []


Underfull \hbox (badness 10000) in paragraph at lines 1023--1024
\OT1/cmr/m/it/12 sics Let-ters B \OT1/cmr/m/n/12 [on-line]. 2004, 596(1-2), 61-
69. ISSN 03702693.
 []


Underfull \hbox (badness 10000) in paragraph at lines 1027--1028
[]\OT1/cmr/m/n/12 https://indico.cern.ch/event/634050/attachments/1477336/23324
17/ -
 []


Underfull \hbox (badness 1776) in paragraph at lines 1031--1032
\OT1/cmr/m/it/12 Jour-nal of High Energy Phy-sics \OT1/cmr/m/n/12 [on-line]. 20
15, 2015(11). ISSN 1029-8479.
 []

[59]
Underfull \hbox (badness 10000) in paragraph at lines 1035--1036
[]\OT1/cmr/m/n/12 X. SNEL-LINGS. El-lip-tic Flow: A Brief Re-view,
 []


Underfull \hbox (badness 10000) in paragraph at lines 1037--1038
[]\OT1/cmr/m/n/12 J. ADAM, D. ADA-MOV[]A, M. M. AG-GAR-WAL, et al. En-han-
 []


Underfull \hbox (badness 10000) in paragraph at lines 1037--1038
\OT1/cmr/m/n/12 ced pro-duc-tion of multi-strange had-rons in high-multiplicity
 pro-
 []


Underfull \hbox (badness 1052) in paragraph at lines 1037--1038
\OT1/cmr/m/n/12 ton{proton col-li-si-ons. \OT1/cmr/m/it/12 Na-ture Phy-sics \OT
1/cmr/m/n/12 [on-line]. 2017, 13(6), ISSN 1745-2473.
 []


Underfull \hbox (badness 4569) in paragraph at lines 1041--1042
[]\OT1/cmr/m/n/12 C. AD-LER, Z. AHAM-MED, C. ALL-GO-WER, et al. Cen-tra-lity De
-
 []


Underfull \hbox (badness 10000) in paragraph at lines 1041--1042
\OT1/cmr/m/n/12 pen-dence of High-$\OML/cmm/m/it/12 p[]$ \OT1/cmr/m/n/12 Had-ro
n Supp-res-sion in Au+Au Col-li-si-ons at
 []


Underfull \hbox (badness 1701) in paragraph at lines 1047--1048
[]\OT1/cmr/m/n/12 S. CHATR-CHYAN, V. KHA-CHAT-RYAN, A.M. SI-RU-NYAN, et al. Ob-

 []


Underfull \hbox (badness 1603) in paragraph at lines 1047--1048
\OT1/cmr/m/n/12 ser-va-tion of long-range, near-side an-gu-lar cor-re-la-ti-ons
 in pPb col-li-si-ons at
 []


Underfull \hbox (badness 1038) in paragraph at lines 1049--1050
[]\OT1/cmr/m/n/12 B. ABE-LEV, J. ADAM, D. ADA-MOVA, et al. Long-range an-gu-lar
 cor-
 []


Underfull \hbox (badness 3895) in paragraph at lines 1049--1050
\OT1/cmr/m/n/12 re-la-ti-ons on the near and away side in p{Pb col-li-si-ons at
 $[] =
 []


Underfull \hbox (badness 6396) in paragraph at lines 1049--1050
\OT1/cmr/m/n/12 5\OML/cmm/m/it/12 :\OT1/cmr/m/n/12 02$ TeV. \OT1/cmr/m/it/12 Ph
y-sics Let-ters B \OT1/cmr/m/n/12 [on-line]. 2013, 719(1-3). ISSN 03702693.
 []

[60]
Underfull \hbox (badness 10000) in paragraph at lines 1062--1063
[]\OT1/cmr/m/n/12 http://alice-offline.web.cern.ch/sites/alice-offline.web.cern
.ch/files/uploads/ -
 []


Underfull \hbox (badness 1728) in paragraph at lines 1064--1065
[]\OT1/cmr/m/n/12 M. GY-ULASSY, X. WANG. HI-JING 1.0: A Monte Carlo prog-ram fo
r
 []


Underfull \hbox (badness 10000) in paragraph at lines 1072--1073
[]\OT1/cmr/m/n/12 P. SKANDS, Z. Tu-ning. Monte Carlo ge-ne-ra-tors: The Pe-ru-
 []


Underfull \hbox (badness 10000) in paragraph at lines 1072--1073
\OT1/cmr/m/n/12 gia tu-nes. \OT1/cmr/m/it/12 Phy-si-cal Re-view D \OT1/cmr/m/n/
12 [on-line]. 2010, 82(7). ISSN 1550-7998.
 []

[61] [62] (./diplomovka.aux)

LaTeX Font Warning: Size substitutions with differences
(Font)              up to 4.5pt have occurred.


LaTeX Warning: There were undefined references.

 ) 
Here is how much of TeX's memory you used:
 4488 strings out of 492995
 70720 string characters out of 6132705
 137995 words of memory out of 5000000
 7926 multiletter control sequences out of 15000+600000
 12169 words of font info for 42 fonts, out of 8000000 for 9000
 1141 hyphenation exceptions out of 8191
 39i,11n,39p,1470b,444s stack positions out of 5000i,500n,10000p,200000b,80000s
</usr/local/texlive/2017/texmf-dist/fonts/type1/public/amsfonts/cm/cmbx10.pfb
></usr/local/texlive/2017/texmf-dist/fonts/type1/public/amsfonts/cm/cmbx12.pfb>
</usr/local/texlive/2017/texmf-dist/fonts/type1/public/amsfonts/cm/cmex10.pfb><
/usr/local/texlive/2017/texmf-dist/fonts/type1/public/amsfonts/cm/cmmi10.pfb></
usr/local/texlive/2017/texmf-dist/fonts/type1/public/amsfonts/cm/cmmi12.pfb></u
sr/local/texlive/2017/texmf-dist/fonts/type1/public/amsfonts/cm/cmmi7.pfb></usr
/local/texlive/2017/texmf-dist/fonts/type1/public/amsfonts/cm/cmmi8.pfb></usr/l
ocal/texlive/2017/texmf-dist/fonts/type1/public/amsfonts/cm/cmr10.pfb></usr/loc
al/texlive/2017/texmf-dist/fonts/type1/public/amsfonts/cm/cmr12.pfb></usr/local
/texlive/2017/texmf-dist/fonts/type1/public/amsfonts/cm/cmr17.pfb></usr/local/t
exlive/2017/texmf-dist/fonts/type1/public/amsfonts/cm/cmr6.pfb></usr/local/texl
ive/2017/texmf-dist/fonts/type1/public/amsfonts/cm/cmr7.pfb></usr/local/texlive
/2017/texmf-dist/fonts/type1/public/amsfonts/cm/cmr8.pfb></usr/local/texlive/20
17/texmf-dist/fonts/type1/public/amsfonts/cm/cmss17.pfb></usr/local/texlive/201
7/texmf-dist/fonts/type1/public/amsfonts/cm/cmssbx10.pfb></usr/local/texlive/20
17/texmf-dist/fonts/type1/public/amsfonts/cm/cmsy10.pfb></usr/local/texlive/201
7/texmf-dist/fonts/type1/public/amsfonts/cm/cmsy7.pfb></usr/local/texlive/2017/
texmf-dist/fonts/type1/public/amsfonts/cm/cmsy8.pfb></usr/local/texlive/2017/te
xmf-dist/fonts/type1/public/amsfonts/cm/cmti12.pfb>
Output written on diplomovka.pdf (64 pages, 7839616 bytes).
PDF statistics:
 367 PDF objects out of 1000 (max. 8388607)
 201 compressed objects within 3 object streams
 0 named destinations out of 1000 (max. 500000)
 286 words of extra memory for PDF output out of 10000 (max. 10000000)

