This is pdfTeX, Version 3.14159265-2.6-1.40.18 (TeX Live 2017) (preloaded format=pdflatex 2017.6.4)  16 APR 2018 10:03
entering extended mode
 restricted \write18 enabled.
 %&-line parsing enabled.
**SVOC.tex
(./SVOC.tex
LaTeX2e <2017-04-15>
Babel <3.10> and hyphenation patterns for 84 language(s) loaded.
(./rnthesis.cls
Document Class: rnthesis 2014/06/08 v1.1 Robert Novotny 'Thesis' class
(/usr/local/texlive/2017/texmf-dist/tex/latex/base/size12.clo
File: size12.clo 2014/09/29 v1.4h Standard LaTeX file (size option)
)
\c@part=\count79
\c@chapter=\count80
\c@section=\count81
\c@subsection=\count82
\c@subsubsection=\count83
\c@paragraph=\count84
\c@subparagraph=\count85
\c@figure=\count86
\c@table=\count87
\abovecaptionskip=\skip41
\belowcaptionskip=\skip42
\bibindent=\dimen102
)
(/usr/local/texlive/2017/texmf-dist/tex/generic/babel/babel.sty
Package: babel 2017/05/19 3.10 The Babel package

(/usr/local/texlive/2017/texmf-dist/tex/generic/babel-slovak/slovak.ldf
Language: slovak 2008/07/06 v3.1a Slovak support from the babel system

(/usr/local/texlive/2017/texmf-dist/tex/generic/babel/babel.def
File: babel.def 2017/05/19 3.10 Babel common definitions
\babel@savecnt=\count88
\U@D=\dimen103
)
Package babel Info: Making ^ an active character on input line 123.
Package babel Info: Making " an active character on input line 126.
Package babel Info: Making ' an active character on input line 129.
\cs@wordlen=\count89
Package babel Info: Making - an active character on input line 294.
))
(/usr/local/texlive/2017/texmf-dist/tex/latex/base/inputenc.sty
Package: inputenc 2015/03/17 v1.2c Input encoding file
\inpenc@prehook=\toks14
\inpenc@posthook=\toks15

(/usr/local/texlive/2017/texmf-dist/tex/latex/base/utf8.def
File: utf8.def 2017/01/28 v1.1t UTF-8 support for inputenc
Now handling font encoding OML ...
... no UTF-8 mapping file for font encoding OML
Now handling font encoding T1 ...
... processing UTF-8 mapping file for font encoding T1

(/usr/local/texlive/2017/texmf-dist/tex/latex/base/t1enc.dfu
File: t1enc.dfu 2017/01/28 v1.1t UTF-8 support for inputenc
   defining Unicode char U+00A0 (decimal 160)
   defining Unicode char U+00A1 (decimal 161)
   defining Unicode char U+00A3 (decimal 163)
   defining Unicode char U+00AB (decimal 171)
   defining Unicode char U+00AD (decimal 173)
   defining Unicode char U+00BB (decimal 187)
   defining Unicode char U+00BF (decimal 191)
   defining Unicode char U+00C0 (decimal 192)
   defining Unicode char U+00C1 (decimal 193)
   defining Unicode char U+00C2 (decimal 194)
   defining Unicode char U+00C3 (decimal 195)
   defining Unicode char U+00C4 (decimal 196)
   defining Unicode char U+00C5 (decimal 197)
   defining Unicode char U+00C6 (decimal 198)
   defining Unicode char U+00C7 (decimal 199)
   defining Unicode char U+00C8 (decimal 200)
   defining Unicode char U+00C9 (decimal 201)
   defining Unicode char U+00CA (decimal 202)
   defining Unicode char U+00CB (decimal 203)
   defining Unicode char U+00CC (decimal 204)
   defining Unicode char U+00CD (decimal 205)
   defining Unicode char U+00CE (decimal 206)
   defining Unicode char U+00CF (decimal 207)
   defining Unicode char U+00D0 (decimal 208)
   defining Unicode char U+00D1 (decimal 209)
   defining Unicode char U+00D2 (decimal 210)
   defining Unicode char U+00D3 (decimal 211)
   defining Unicode char U+00D4 (decimal 212)
   defining Unicode char U+00D5 (decimal 213)
   defining Unicode char U+00D6 (decimal 214)
   defining Unicode char U+00D8 (decimal 216)
   defining Unicode char U+00D9 (decimal 217)
   defining Unicode char U+00DA (decimal 218)
   defining Unicode char U+00DB (decimal 219)
   defining Unicode char U+00DC (decimal 220)
   defining Unicode char U+00DD (decimal 221)
   defining Unicode char U+00DE (decimal 222)
   defining Unicode char U+00DF (decimal 223)
   defining Unicode char U+00E0 (decimal 224)
   defining Unicode char U+00E1 (decimal 225)
   defining Unicode char U+00E2 (decimal 226)
   defining Unicode char U+00E3 (decimal 227)
   defining Unicode char U+00E4 (decimal 228)
   defining Unicode char U+00E5 (decimal 229)
   defining Unicode char U+00E6 (decimal 230)
   defining Unicode char U+00E7 (decimal 231)
   defining Unicode char U+00E8 (decimal 232)
   defining Unicode char U+00E9 (decimal 233)
   defining Unicode char U+00EA (decimal 234)
   defining Unicode char U+00EB (decimal 235)
   defining Unicode char U+00EC (decimal 236)
   defining Unicode char U+00ED (decimal 237)
   defining Unicode char U+00EE (decimal 238)
   defining Unicode char U+00EF (decimal 239)
   defining Unicode char U+00F0 (decimal 240)
   defining Unicode char U+00F1 (decimal 241)
   defining Unicode char U+00F2 (decimal 242)
   defining Unicode char U+00F3 (decimal 243)
   defining Unicode char U+00F4 (decimal 244)
   defining Unicode char U+00F5 (decimal 245)
   defining Unicode char U+00F6 (decimal 246)
   defining Unicode char U+00F8 (decimal 248)
   defining Unicode char U+00F9 (decimal 249)
   defining Unicode char U+00FA (decimal 250)
   defining Unicode char U+00FB (decimal 251)
   defining Unicode char U+00FC (decimal 252)
   defining Unicode char U+00FD (decimal 253)
   defining Unicode char U+00FE (decimal 254)
   defining Unicode char U+00FF (decimal 255)
   defining Unicode char U+0100 (decimal 256)
   defining Unicode char U+0101 (decimal 257)
   defining Unicode char U+0102 (decimal 258)
   defining Unicode char U+0103 (decimal 259)
   defining Unicode char U+0104 (decimal 260)
   defining Unicode char U+0105 (decimal 261)
   defining Unicode char U+0106 (decimal 262)
   defining Unicode char U+0107 (decimal 263)
   defining Unicode char U+0108 (decimal 264)
   defining Unicode char U+0109 (decimal 265)
   defining Unicode char U+010A (decimal 266)
   defining Unicode char U+010B (decimal 267)
   defining Unicode char U+010C (decimal 268)
   defining Unicode char U+010D (decimal 269)
   defining Unicode char U+010E (decimal 270)
   defining Unicode char U+010F (decimal 271)
   defining Unicode char U+0110 (decimal 272)
   defining Unicode char U+0111 (decimal 273)
   defining Unicode char U+0112 (decimal 274)
   defining Unicode char U+0113 (decimal 275)
   defining Unicode char U+0114 (decimal 276)
   defining Unicode char U+0115 (decimal 277)
   defining Unicode char U+0116 (decimal 278)
   defining Unicode char U+0117 (decimal 279)
   defining Unicode char U+0118 (decimal 280)
   defining Unicode char U+0119 (decimal 281)
   defining Unicode char U+011A (decimal 282)
   defining Unicode char U+011B (decimal 283)
   defining Unicode char U+011C (decimal 284)
   defining Unicode char U+011D (decimal 285)
   defining Unicode char U+011E (decimal 286)
   defining Unicode char U+011F (decimal 287)
   defining Unicode char U+0120 (decimal 288)
   defining Unicode char U+0121 (decimal 289)
   defining Unicode char U+0122 (decimal 290)
   defining Unicode char U+0123 (decimal 291)
   defining Unicode char U+0124 (decimal 292)
   defining Unicode char U+0125 (decimal 293)
   defining Unicode char U+0128 (decimal 296)
   defining Unicode char U+0129 (decimal 297)
   defining Unicode char U+012A (decimal 298)
   defining Unicode char U+012B (decimal 299)
   defining Unicode char U+012C (decimal 300)
   defining Unicode char U+012D (decimal 301)
   defining Unicode char U+012E (decimal 302)
   defining Unicode char U+012F (decimal 303)
   defining Unicode char U+0130 (decimal 304)
   defining Unicode char U+0131 (decimal 305)
   defining Unicode char U+0132 (decimal 306)
   defining Unicode char U+0133 (decimal 307)
   defining Unicode char U+0134 (decimal 308)
   defining Unicode char U+0135 (decimal 309)
   defining Unicode char U+0136 (decimal 310)
   defining Unicode char U+0137 (decimal 311)
   defining Unicode char U+0139 (decimal 313)
   defining Unicode char U+013A (decimal 314)
   defining Unicode char U+013B (decimal 315)
   defining Unicode char U+013C (decimal 316)
   defining Unicode char U+013D (decimal 317)
   defining Unicode char U+013E (decimal 318)
   defining Unicode char U+0141 (decimal 321)
   defining Unicode char U+0142 (decimal 322)
   defining Unicode char U+0143 (decimal 323)
   defining Unicode char U+0144 (decimal 324)
   defining Unicode char U+0145 (decimal 325)
   defining Unicode char U+0146 (decimal 326)
   defining Unicode char U+0147 (decimal 327)
   defining Unicode char U+0148 (decimal 328)
   defining Unicode char U+014A (decimal 330)
   defining Unicode char U+014B (decimal 331)
   defining Unicode char U+014C (decimal 332)
   defining Unicode char U+014D (decimal 333)
   defining Unicode char U+014E (decimal 334)
   defining Unicode char U+014F (decimal 335)
   defining Unicode char U+0150 (decimal 336)
   defining Unicode char U+0151 (decimal 337)
   defining Unicode char U+0152 (decimal 338)
   defining Unicode char U+0153 (decimal 339)
   defining Unicode char U+0154 (decimal 340)
   defining Unicode char U+0155 (decimal 341)
   defining Unicode char U+0156 (decimal 342)
   defining Unicode char U+0157 (decimal 343)
   defining Unicode char U+0158 (decimal 344)
   defining Unicode char U+0159 (decimal 345)
   defining Unicode char U+015A (decimal 346)
   defining Unicode char U+015B (decimal 347)
   defining Unicode char U+015C (decimal 348)
   defining Unicode char U+015D (decimal 349)
   defining Unicode char U+015E (decimal 350)
   defining Unicode char U+015F (decimal 351)
   defining Unicode char U+0160 (decimal 352)
   defining Unicode char U+0161 (decimal 353)
   defining Unicode char U+0162 (decimal 354)
   defining Unicode char U+0163 (decimal 355)
   defining Unicode char U+0164 (decimal 356)
   defining Unicode char U+0165 (decimal 357)
   defining Unicode char U+0168 (decimal 360)
   defining Unicode char U+0169 (decimal 361)
   defining Unicode char U+016A (decimal 362)
   defining Unicode char U+016B (decimal 363)
   defining Unicode char U+016C (decimal 364)
   defining Unicode char U+016D (decimal 365)
   defining Unicode char U+016E (decimal 366)
   defining Unicode char U+016F (decimal 367)
   defining Unicode char U+0170 (decimal 368)
   defining Unicode char U+0171 (decimal 369)
   defining Unicode char U+0172 (decimal 370)
   defining Unicode char U+0173 (decimal 371)
   defining Unicode char U+0174 (decimal 372)
   defining Unicode char U+0175 (decimal 373)
   defining Unicode char U+0176 (decimal 374)
   defining Unicode char U+0177 (decimal 375)
   defining Unicode char U+0178 (decimal 376)
   defining Unicode char U+0179 (decimal 377)
   defining Unicode char U+017A (decimal 378)
   defining Unicode char U+017B (decimal 379)
   defining Unicode char U+017C (decimal 380)
   defining Unicode char U+017D (decimal 381)
   defining Unicode char U+017E (decimal 382)
   defining Unicode char U+01CD (decimal 461)
   defining Unicode char U+01CE (decimal 462)
   defining Unicode char U+01CF (decimal 463)
   defining Unicode char U+01D0 (decimal 464)
   defining Unicode char U+01D1 (decimal 465)
   defining Unicode char U+01D2 (decimal 466)
   defining Unicode char U+01D3 (decimal 467)
   defining Unicode char U+01D4 (decimal 468)
   defining Unicode char U+01E2 (decimal 482)
   defining Unicode char U+01E3 (decimal 483)
   defining Unicode char U+01E6 (decimal 486)
   defining Unicode char U+01E7 (decimal 487)
   defining Unicode char U+01E8 (decimal 488)
   defining Unicode char U+01E9 (decimal 489)
   defining Unicode char U+01EA (decimal 490)
   defining Unicode char U+01EB (decimal 491)
   defining Unicode char U+01F0 (decimal 496)
   defining Unicode char U+01F4 (decimal 500)
   defining Unicode char U+01F5 (decimal 501)
   defining Unicode char U+0218 (decimal 536)
   defining Unicode char U+0219 (decimal 537)
   defining Unicode char U+021A (decimal 538)
   defining Unicode char U+021B (decimal 539)
   defining Unicode char U+0232 (decimal 562)
   defining Unicode char U+0233 (decimal 563)
   defining Unicode char U+1E02 (decimal 7682)
   defining Unicode char U+1E03 (decimal 7683)
   defining Unicode char U+200C (decimal 8204)
   defining Unicode char U+2010 (decimal 8208)
   defining Unicode char U+2011 (decimal 8209)
   defining Unicode char U+2012 (decimal 8210)
   defining Unicode char U+2013 (decimal 8211)
   defining Unicode char U+2014 (decimal 8212)
   defining Unicode char U+2015 (decimal 8213)
   defining Unicode char U+2018 (decimal 8216)
   defining Unicode char U+2019 (decimal 8217)
   defining Unicode char U+201A (decimal 8218)
   defining Unicode char U+201C (decimal 8220)
   defining Unicode char U+201D (decimal 8221)
   defining Unicode char U+201E (decimal 8222)
   defining Unicode char U+2030 (decimal 8240)
   defining Unicode char U+2031 (decimal 8241)
   defining Unicode char U+2039 (decimal 8249)
   defining Unicode char U+203A (decimal 8250)
   defining Unicode char U+2423 (decimal 9251)
   defining Unicode char U+1E20 (decimal 7712)
   defining Unicode char U+1E21 (decimal 7713)
)
Now handling font encoding OT1 ...
... processing UTF-8 mapping file for font encoding OT1

(/usr/local/texlive/2017/texmf-dist/tex/latex/base/ot1enc.dfu
File: ot1enc.dfu 2017/01/28 v1.1t UTF-8 support for inputenc
   defining Unicode char U+00A0 (decimal 160)
   defining Unicode char U+00A1 (decimal 161)
   defining Unicode char U+00A3 (decimal 163)
   defining Unicode char U+00AD (decimal 173)
   defining Unicode char U+00B8 (decimal 184)
   defining Unicode char U+00BF (decimal 191)
   defining Unicode char U+00C5 (decimal 197)
   defining Unicode char U+00C6 (decimal 198)
   defining Unicode char U+00D8 (decimal 216)
   defining Unicode char U+00DF (decimal 223)
   defining Unicode char U+00E6 (decimal 230)
   defining Unicode char U+00EC (decimal 236)
   defining Unicode char U+00ED (decimal 237)
   defining Unicode char U+00EE (decimal 238)
   defining Unicode char U+00EF (decimal 239)
   defining Unicode char U+00F8 (decimal 248)
   defining Unicode char U+0131 (decimal 305)
   defining Unicode char U+0141 (decimal 321)
   defining Unicode char U+0142 (decimal 322)
   defining Unicode char U+0152 (decimal 338)
   defining Unicode char U+0153 (decimal 339)
   defining Unicode char U+0174 (decimal 372)
   defining Unicode char U+0175 (decimal 373)
   defining Unicode char U+0176 (decimal 374)
   defining Unicode char U+0177 (decimal 375)
   defining Unicode char U+0218 (decimal 536)
   defining Unicode char U+0219 (decimal 537)
   defining Unicode char U+021A (decimal 538)
   defining Unicode char U+021B (decimal 539)
   defining Unicode char U+2013 (decimal 8211)
   defining Unicode char U+2014 (decimal 8212)
   defining Unicode char U+2018 (decimal 8216)
   defining Unicode char U+2019 (decimal 8217)
   defining Unicode char U+201C (decimal 8220)
   defining Unicode char U+201D (decimal 8221)
)
Now handling font encoding OMS ...
... processing UTF-8 mapping file for font encoding OMS

(/usr/local/texlive/2017/texmf-dist/tex/latex/base/omsenc.dfu
File: omsenc.dfu 2017/01/28 v1.1t UTF-8 support for inputenc
   defining Unicode char U+00A7 (decimal 167)
   defining Unicode char U+00B6 (decimal 182)
   defining Unicode char U+00B7 (decimal 183)
   defining Unicode char U+2020 (decimal 8224)
   defining Unicode char U+2021 (decimal 8225)
   defining Unicode char U+2022 (decimal 8226)
)
Now handling font encoding OMX ...
... no UTF-8 mapping file for font encoding OMX
Now handling font encoding U ...
... no UTF-8 mapping file for font encoding U
   defining Unicode char U+00A9 (decimal 169)
   defining Unicode char U+00AA (decimal 170)
   defining Unicode char U+00AE (decimal 174)
   defining Unicode char U+00BA (decimal 186)
   defining Unicode char U+02C6 (decimal 710)
   defining Unicode char U+02DC (decimal 732)
   defining Unicode char U+200C (decimal 8204)
   defining Unicode char U+2026 (decimal 8230)
   defining Unicode char U+2122 (decimal 8482)
   defining Unicode char U+2423 (decimal 9251)
))
(/usr/local/texlive/2017/texmf-dist/tex/latex/graphics/graphicx.sty
Package: graphicx 2014/10/28 v1.0g Enhanced LaTeX Graphics (DPC,SPQR)

(/usr/local/texlive/2017/texmf-dist/tex/latex/graphics/keyval.sty
Package: keyval 2014/10/28 v1.15 key=value parser (DPC)
\KV@toks@=\toks16
)
(/usr/local/texlive/2017/texmf-dist/tex/latex/graphics/graphics.sty
Package: graphics 2017/04/14 v1.1b Standard LaTeX Graphics (DPC,SPQR)

(/usr/local/texlive/2017/texmf-dist/tex/latex/graphics/trig.sty
Package: trig 2016/01/03 v1.10 sin cos tan (DPC)
)
(/usr/local/texlive/2017/texmf-dist/tex/latex/graphics-cfg/graphics.cfg
File: graphics.cfg 2016/06/04 v1.11 sample graphics configuration
)
Package graphics Info: Driver file: pdftex.def on input line 99.

(/usr/local/texlive/2017/texmf-dist/tex/latex/graphics-def/pdftex.def
File: pdftex.def 2017/01/12 v0.06k Graphics/color for pdfTeX

(/usr/local/texlive/2017/texmf-dist/tex/generic/oberdiek/infwarerr.sty
Package: infwarerr 2016/05/16 v1.4 Providing info/warning/error messages (HO)
)
(/usr/local/texlive/2017/texmf-dist/tex/generic/oberdiek/ltxcmds.sty
Package: ltxcmds 2016/05/16 v1.23 LaTeX kernel commands for general use (HO)
)
\Gread@gobject=\count90
))
\Gin@req@height=\dimen104
\Gin@req@width=\dimen105
)
(./nomencl.sty
Package: nomencl 2000/12/03 v3.1a Nomenclature package (BS)
\nomlabelwidth=\dimen106
\nom@tempdim=\dimen107
\nomitemsep=\skip43
) (/usr/local/texlive/2017/texmf-dist/tex/latex/lineno/lineno.sty
Package: lineno 2005/11/02 line numbers on paragraphs v4.41
\linenopenalty=\count91
\output=\toks17
\linenoprevgraf=\count92
\linenumbersep=\dimen108
\linenumberwidth=\dimen109
\c@linenumber=\count93
\c@pagewiselinenumber=\count94
\c@LN@truepage=\count95
\c@internallinenumber=\count96
\c@internallinenumbers=\count97
\quotelinenumbersep=\dimen110
\bframerule=\dimen111
\bframesep=\dimen112
\bframebox=\box26
LaTeX Info: Redefining \\ on input line 3056.
) (/usr/local/texlive/2017/texmf-dist/tex/latex/caption/caption.sty
Package: caption 2016/02/21 v3.3-144 Customizing captions (AR)

(/usr/local/texlive/2017/texmf-dist/tex/latex/caption/caption3.sty
Package: caption3 2016/05/22 v1.7-166 caption3 kernel (AR)
Package caption3 Info: TeX engine: e-TeX on input line 67.
\captionmargin=\dimen113
\captionmargin@=\dimen114
\captionwidth=\dimen115
\caption@tempdima=\dimen116
\caption@indent=\dimen117
\caption@parindent=\dimen118
\caption@hangindent=\dimen119
)
\c@ContinuedFloat=\count98
)
(/usr/local/texlive/2017/texmf-dist/tex/latex/caption/subcaption.sty
Package: subcaption 2016/05/22 v1.1-161 Sub-captions (AR)
\c@subfigure=\count99
\c@subtable=\count100
)
(/usr/local/texlive/2017/texmf-dist/tex/latex/braket/braket.sty)
(/usr/local/texlive/2017/texmf-dist/tex/latex/multirow/multirow.sty
Package: multirow 2016/11/25 v2.2 Span multiple rows of a table
\multirow@colwidth=\skip44
\multirow@cntb=\count101
\multirow@dima=\skip45
\bigstrutjot=\dimen120
)
\@glossaryfile=\write3
\openout3 = `SVOC.glo'.


Writing glossary file SVOC.glo
(./SVOC.aux

LaTeX Warning: Label `' multiply defined.


LaTeX Warning: Label `sub@' multiply defined.

)
\openout1 = `SVOC.aux'.

LaTeX Font Info:    Checking defaults for OML/cmm/m/it on input line 46.
LaTeX Font Info:    ... okay on input line 46.
LaTeX Font Info:    Checking defaults for T1/cmr/m/n on input line 46.
LaTeX Font Info:    ... okay on input line 46.
LaTeX Font Info:    Checking defaults for OT1/cmr/m/n on input line 46.
LaTeX Font Info:    ... okay on input line 46.
LaTeX Font Info:    Checking defaults for OMS/cmsy/m/n on input line 46.
LaTeX Font Info:    ... okay on input line 46.
LaTeX Font Info:    Checking defaults for OMX/cmex/m/n on input line 46.
LaTeX Font Info:    ... okay on input line 46.
LaTeX Font Info:    Checking defaults for U/cmr/m/n on input line 46.
LaTeX Font Info:    ... okay on input line 46.

Zoznam pou\unhbox \voidb@x \bgroup \let \unhbox \voidb@x \setbox \@tempboxa \hb
ox {z\global \mathchardef \accent@spacefactor \spacefactor }\accent 20 z\egroup
 \spacefactor \accent@spacefactor itej literat\unhbox \voidb@x \bgroup \let \un
hbox \voidb@x \setbox \@tempboxa \hbox {u\global \mathchardef \accent@spacefact
or \spacefactor }\accent 19 u\egroup \spacefactor \accent@spacefactor ry
(/usr/local/texlive/2017/texmf-dist/tex/context/base/mkii/supp-pdf.mkii
[Loading MPS to PDF converter (version 2006.09.02).]
\scratchcounter=\count102
\scratchdimen=\dimen121
\scratchbox=\box27
\nofMPsegments=\count103
\nofMParguments=\count104
\everyMPshowfont=\toks18
\MPscratchCnt=\count105
\MPscratchDim=\dimen122
\MPnumerator=\count106
\makeMPintoPDFobject=\count107
\everyMPtoPDFconversion=\toks19
) (/usr/local/texlive/2017/texmf-dist/tex/generic/oberdiek/pdftexcmds.sty
Package: pdftexcmds 2017/03/19 v0.25 Utility functions of pdfTeX for LuaTeX (HO
)

(/usr/local/texlive/2017/texmf-dist/tex/generic/oberdiek/ifluatex.sty
Package: ifluatex 2016/05/16 v1.4 Provides the ifluatex switch (HO)
Package ifluatex Info: LuaTeX not detected.
)
(/usr/local/texlive/2017/texmf-dist/tex/generic/oberdiek/ifpdf.sty
Package: ifpdf 2017/03/15 v3.2 Provides the ifpdf switch
)
Package pdftexcmds Info: LuaTeX not detected.
Package pdftexcmds Info: \pdf@primitive is available.
Package pdftexcmds Info: \pdf@ifprimitive is available.
Package pdftexcmds Info: \pdfdraftmode found.
)
(/usr/local/texlive/2017/texmf-dist/tex/latex/oberdiek/epstopdf-base.sty
Package: epstopdf-base 2016/05/15 v2.6 Base part for package epstopdf

(/usr/local/texlive/2017/texmf-dist/tex/latex/oberdiek/grfext.sty
Package: grfext 2016/05/16 v1.2 Manage graphics extensions (HO)

(/usr/local/texlive/2017/texmf-dist/tex/generic/oberdiek/kvdefinekeys.sty
Package: kvdefinekeys 2016/05/16 v1.4 Define keys (HO)
))
(/usr/local/texlive/2017/texmf-dist/tex/latex/oberdiek/kvoptions.sty
Package: kvoptions 2016/05/16 v3.12 Key value format for package options (HO)

(/usr/local/texlive/2017/texmf-dist/tex/generic/oberdiek/kvsetkeys.sty
Package: kvsetkeys 2016/05/16 v1.17 Key value parser (HO)

(/usr/local/texlive/2017/texmf-dist/tex/generic/oberdiek/etexcmds.sty
Package: etexcmds 2016/05/16 v1.6 Avoid name clashes with e-TeX commands (HO)
Package etexcmds Info: Could not find \expanded.
(etexcmds)             That can mean that you are not using pdfTeX 1.50 or
(etexcmds)             that some package has redefined \expanded.
(etexcmds)             In the latter case, load this package earlier.
)))
Package epstopdf-base Info: Redefining graphics rule for `.eps' on input line 4
38.
Package grfext Info: Graphics extension search list:
(grfext)             [.png,.pdf,.jpg,.mps,.jpeg,.jbig2,.jb2,.PNG,.PDF,.JPG,.JPE
G,.JBIG2,.JB2,.eps]
(grfext)             \AppendGraphicsExtensions on input line 456.

(/usr/local/texlive/2017/texmf-dist/tex/latex/latexconfig/epstopdf-sys.cfg
File: epstopdf-sys.cfg 2010/07/13 v1.3 Configuration of (r)epstopdf for TeX Liv
e
))
Package caption Info: Begin \AtBeginDocument code.
Package caption Info: End \AtBeginDocument code.

<./Obrazky_praca/logo-pf-upjs-cb.jpg, id=1, 174.6525pt x 174.6525pt>
File: ./Obrazky_praca/logo-pf-upjs-cb.jpg Graphic file (type jpg)

<use ./Obrazky_praca/logo-pf-upjs-cb.jpg>
Package pdftex.def Info: ./Obrazky_praca/logo-pf-upjs-cb.jpg used on input line
 58.
(pdftex.def)             Requested size: 85.35826pt x 85.35927pt.
 [1

{/usr/local/texlive/2017/texmf-var/fonts/map/pdftex/updmap/pdftex.map} <./Obraz
ky_praca/logo-pf-upjs-cb.jpg>]
[1]
Underfull \hbox (badness 1484) in paragraph at lines 90--90
\OT1/cmr/m/n/12 pr^^S^^Pstup. Tak-tie^^Tz sa chcem pod[]akovat[] pria-tel[]ovi 
Mar-ti-novi a
 []

LaTeX Font Info:    External font `cmex10' loaded for size
(Font)              <12> on input line 90.
LaTeX Font Info:    External font `cmex10' loaded for size
(Font)              <8> on input line 90.
LaTeX Font Info:    External font `cmex10' loaded for size
(Font)              <6> on input line 90.
[1]
\@abstractmargin=\skip46
 [2] [3] (./SVOC.toc
\p@rindent=\dimen123
\p@rindent=\dimen124
\p@rindent=\dimen125
\p@rindent=\dimen126
\p@rindent=\dimen127
\p@rindent=\dimen128
\p@rindent=\dimen129
\p@rindent=\dimen130
 [4

]
\p@rindent=\dimen131
)
\tf@toc=\write4
\openout4 = `SVOC.toc'.

 [5] [6

]
Kapitola 1.
LaTeX Font Info:    External font `cmex10' loaded for size
(Font)              <7> on input line 103.
LaTeX Font Info:    External font `cmex10' loaded for size
(Font)              <5> on input line 103.
LaTeX Font Info:    Try loading font information for OMS+cmr on input line 108.

(/usr/local/texlive/2017/texmf-dist/tex/latex/base/omscmr.fd
File: omscmr.fd 2014/09/29 v2.5h Standard LaTeX font definitions
)
LaTeX Font Info:    Font shape `OMS/cmr/m/n' in size <12> not available
(Font)              Font shape `OMS/cmsy/m/n' tried instead on input line 108.
 [7

] [8]
<./Obrazky_praca/zrazka.png, id=47, 679.53876pt x 697.60625pt>
File: ./Obrazky_praca/zrazka.png Graphic file (type png)

<use ./Obrazky_praca/zrazka.png>
Package pdftex.def Info: ./Obrazky_praca/zrazka.png used on input line 140.
(pdftex.def)             Requested size: 203.8632pt x 209.28348pt.
 [9 <./Obrazky_praca/zrazka.png>]
<./Obrazky_praca/clustering.png, id=53, 240.9pt x 201.3924pt>
File: ./Obrazky_praca/clustering.png Graphic file (type png)

<use ./Obrazky_praca/clustering.png>
Package pdftex.def Info: ./Obrazky_praca/clustering.png used on input line 154.

(pdftex.def)             Requested size: 144.5411pt x 120.83635pt.
 [10 <./Obrazky_praca/clustering.png>]
<./Obrazky_praca/el_pole.png, id=61, 2007.5pt x 1505.625pt>
File: ./Obrazky_praca/el_pole.png Graphic file (type png)

<use ./Obrazky_praca/el_pole.png>
Package pdftex.def Info: ./Obrazky_praca/el_pole.png used on input line 173.
(pdftex.def)             Requested size: 120.4448pt x 90.3336pt.

<./Obrazky_praca/chromo_pole.png, id=62, 726.715pt x 304.13625pt>
File: ./Obrazky_praca/chromo_pole.png Graphic file (type png)

<use ./Obrazky_praca/chromo_pole.png>
Package pdftex.def Info: ./Obrazky_praca/chromo_pole.png used on input line 179
.
(pdftex.def)             Requested size: 145.34042pt x 60.82616pt.

<./Obrazky_praca/jet.png, id=63, 548.0475pt x 281.05pt>
File: ./Obrazky_praca/jet.png Graphic file (type png)

<use ./Obrazky_praca/jet.png>
Package pdftex.def Info: ./Obrazky_praca/jet.png used on input line 186.
(pdftex.def)             Requested size: 219.2151pt x 112.418pt.
 [11 <./Obrazky_praca/el_pole.png> <./Obrazky_praca/chromo_pole.png (PNG copy)>
 <./Obrazky_praca/jet.png>]
Kapitola 2.

Overfull \hbox (13.43556pt too wide) in paragraph at lines 209--210
\OT1/cmr/m/n/12 pro-til[]ahl^^Sy p^^S^^Pk (v an-gli^^Tctine ''away-side peak'')
(obr. 2.6[]). In^^Sa situ^^Sacia nast^^Sava v pozd[]l^^Tznom
 []

[12

] <./Obrazky_praca/dijetcorrelations.png, id=73, 771.88374pt x 265.99374pt>
File: ./Obrazky_praca/dijetcorrelations.png Graphic file (type png)

<use ./Obrazky_praca/dijetcorrelations.png>
Package pdftex.def Info: ./Obrazky_praca/dijetcorrelations.png used on input li
ne 213.
(pdftex.def)             Requested size: 435.32724pt x 150.0148pt.

Overfull \hbox (2.48627pt too wide) in paragraph at lines 219--220
\OT1/cmr/m/n/12 ovan^^Sych a trig-ro-vac^^S^^Pch ^^Tcast^^S^^Pc, po nor-mo-van^
^S^^P na po^^Tcet trig-ro-vac^^S^^Pch ^^Tcast^^S^^Pc a po odpo^^Tc^^S^^Ptan^^S^
^P
 []

[13 <./Obrazky_praca/dijetcorrelations.png>] [14]
<./Obrazky_praca/clanok2.png, id=82, 459.21562pt x 432.86719pt>
File: ./Obrazky_praca/clanok2.png Graphic file (type png)

<use ./Obrazky_praca/clanok2.png>
Package pdftex.def Info: ./Obrazky_praca/clanok2.png used on input line 245.
(pdftex.def)             Requested size: 367.37299pt x 346.2942pt.

Overfull \hbox (4.47292pt too wide) in paragraph at lines 250--251
[]\OT1/cmr/m/n/12 V do-te-raj^^Ts^^S^^Pch v^^Sysledkoch ^^Tst^^Sudia prot^^Sono
vo-prot^^Sonov^^Sych zr^^Sa^^Tzok pri ener-gii $[] =$7
 []

[15 <./Obrazky_praca/clanok2.png>]
Kapitola 3.
[16

]
Kapitola 4.
<./Obrazky_praca/ALICE.png, id=90, 965.6075pt x 711.65875pt>
File: ./Obrazky_praca/ALICE.png Graphic file (type png)

<use ./Obrazky_praca/ALICE.png>
Package pdftex.def Info: ./Obrazky_praca/ALICE.png used on input line 282.
(pdftex.def)             Requested size: 391.79185pt x 288.7523pt.
 [17

] [18 <./Obrazky_praca/ALICE.png>]
Overfull \hbox (1.58556pt too wide) in paragraph at lines 300--301
[]\OT1/cmr/m/n/12 TPC je va-lec na-pl-nen^^Sy ply-no-vou zme-sou ( $\OML/cmm/m/
it/12 Ne=CO[]=N[]$\OT1/cmr/m/n/12 ) s ob-je-mom 88 m$[]$ (obr. 4.9[])
 []


Overfull \hbox (0.36269pt too wide) in paragraph at lines 300--301
\OT1/cmr/m/n/12 roz-de-len^^Sy centr^^Salnou elektr^^Sodou na dve drif-to-va-ci
e ^^Tcasti. Pozd[]l^^Tz z-ovej osi je udr^^Tziavan^^Se
 []

<./Obrazky_praca/tpc.png, id=100, 606.265pt x 464.73625pt>
File: ./Obrazky_praca/tpc.png Graphic file (type png)

<use ./Obrazky_praca/tpc.png>
Package pdftex.def Info: ./Obrazky_praca/tpc.png used on input line 304.
(pdftex.def)             Requested size: 304.72774pt x 233.59435pt.
 [19 <./Obrazky_praca/tpc.png>] [20]
<./Obrazky_praca/pozadie.png, id=108, 700.6175pt x 476.78125pt>
File: ./Obrazky_praca/pozadie.png Graphic file (type png)

<use ./Obrazky_praca/pozadie.png>
Package pdftex.def Info: ./Obrazky_praca/pozadie.png used on input line 337.
(pdftex.def)             Requested size: 350.30789pt x 238.39003pt.
 [21 <./Obrazky_praca/pozadie.png>]

LaTeX Font Warning: Command \footnotesize invalid in math mode on input line 34
8.

LaTeX Font Info:    Calculating math sizes for size <> on input line 350.

LaTeX Font Warning: Font shape `OT1/cmr/m/n' in size <> not available
(Font)              size <5> substituted on input line 350.


LaTeX Font Warning: Font shape `OT1/cmr/m/n' in size <0.7> not available
(Font)              size <5> substituted on input line 350.


LaTeX Font Warning: Font shape `OT1/cmr/m/n' in size <0.5> not available
(Font)              size <5> substituted on input line 350.


LaTeX Font Warning: Font shape `OML/cmm/m/it' in size <> not available
(Font)              size <5> substituted on input line 350.


LaTeX Font Warning: Font shape `OML/cmm/m/it' in size <0.7> not available
(Font)              size <5> substituted on input line 350.


LaTeX Font Warning: Font shape `OML/cmm/m/it' in size <0.5> not available
(Font)              size <5> substituted on input line 350.


LaTeX Font Warning: Font shape `OMS/cmsy/m/n' in size <> not available
(Font)              size <5> substituted on input line 350.


LaTeX Font Warning: Font shape `OMS/cmsy/m/n' in size <0.7> not available
(Font)              size <5> substituted on input line 350.


LaTeX Font Warning: Font shape `OMS/cmsy/m/n' in size <0.5> not available
(Font)              size <5> substituted on input line 350.

LaTeX Font Info:    External font `cmex10' loaded for size
(Font)              <> on input line 350.
LaTeX Font Info:    External font `cmex10' loaded for size
(Font)              <0.7> on input line 350.
LaTeX Font Info:    External font `cmex10' loaded for size
(Font)              <0.5> on input line 350.
<./Obrazky_praca/eff_pt.png, id=112, 700.6175pt x 476.78125pt>
File: ./Obrazky_praca/eff_pt.png Graphic file (type png)

<use ./Obrazky_praca/eff_pt.png>
Package pdftex.def Info: ./Obrazky_praca/eff_pt.png used on input line 358.
(pdftex.def)             Requested size: 143.65878pt x 97.7626pt.

<./Obrazky_praca/eff_eta.png, id=113, 700.6175pt x 476.78125pt>
File: ./Obrazky_praca/eff_eta.png Graphic file (type png)

<use ./Obrazky_praca/eff_eta.png>
Package pdftex.def Info: ./Obrazky_praca/eff_eta.png used on input line 364.
(pdftex.def)             Requested size: 143.65878pt x 97.7626pt.

<./Obrazky_praca/eff_pvz.png, id=114, 700.6175pt x 476.78125pt>
File: ./Obrazky_praca/eff_pvz.png Graphic file (type png)

<use ./Obrazky_praca/eff_pvz.png>
Package pdftex.def Info: ./Obrazky_praca/eff_pvz.png used on input line 370.
(pdftex.def)             Requested size: 143.65878pt x 97.7626pt.
 [22 <./Obrazky_praca/eff_pt.png> <./Obrazky_praca/eff_eta.png> <./Obrazky_prac
a/eff_pvz.png>]
<../histogramy/PorovnanieMC/Projekcie/fitPhiHH.png, id=118, 700.6175pt x 476.78
125pt>
File: ../histogramy/PorovnanieMC/Projekcie/fitPhiHH.png Graphic file (type png)

 <use ../histogramy/PorovnanieMC/Projekcie/fitPhiHH.png>
Package pdftex.def Info: ../histogramy/PorovnanieMC/Projekcie/fitPhiHH.png used
 on input line 388.
(pdftex.def)             Requested size: 239.4313pt x 162.93283pt.

Overfull \hbox (21.76768pt too wide) in paragraph at lines 388--389
 [][] 
 []


<../histogramy/PorovnanieMC/Projekcie/fitEtaHH.png, id=119, 700.6175pt x 476.78
125pt>
File: ../histogramy/PorovnanieMC/Projekcie/fitEtaHH.png Graphic file (type png)

 <use ../histogramy/PorovnanieMC/Projekcie/fitEtaHH.png>
Package pdftex.def Info: ../histogramy/PorovnanieMC/Projekcie/fitEtaHH.png used
 on input line 394.
(pdftex.def)             Requested size: 239.4313pt x 162.93283pt.

Overfull \hbox (21.76768pt too wide) in paragraph at lines 394--395
 [][] 
 []


<../histogramy/PorovnanieMC/Projekcie/15a+c_hh_phi.png, id=120, 1282.7925pt x 7
77.90625pt>
File: ../histogramy/PorovnanieMC/Projekcie/15a+c_hh_phi.png Graphic file (type 
png)
 <use ../histogramy/PorovnanieMC/Projekcie/15a+c_hh_phi.png>
Package pdftex.def Info: ../histogramy/PorovnanieMC/Projekcie/15a+c_hh_phi.png 
used on input line 404.
(pdftex.def)             Requested size: 435.32724pt x 263.98608pt.

<../histogramy/PorovnanieMC/Projekcie/15a+c_hh_eta.png, id=121, 1282.7925pt x 7
77.90625pt>
File: ../histogramy/PorovnanieMC/Projekcie/15a+c_hh_eta.png Graphic file (type 
png)
 <use ../histogramy/PorovnanieMC/Projekcie/15a+c_hh_eta.png>
Package pdftex.def Info: ../histogramy/PorovnanieMC/Projekcie/15a+c_hh_eta.png 
used on input line 411.
(pdftex.def)             Requested size: 435.32724pt x 263.98608pt.

[23 <../histogramy/PorovnanieMC/Projekcie/fitPhiHH.png> <../histogramy/Porovnan
ieMC/Projekcie/fitEtaHH.png>] [24 <../histogramy/PorovnanieMC/Projekcie/15a+c_h
h_phi.png> <../histogramy/PorovnanieMC/Projekcie/15a+c_hh_eta.png>]
Kapitola 5.

LaTeX Font Warning: Command \footnotesize invalid in math mode on input line 41
9.


LaTeX Font Warning: Command \footnotesize invalid in math mode on input line 42
6.

<./Obrazky_praca/hhDeltaPhi.png, id=129, 1282.7925pt x 777.90625pt>
File: ./Obrazky_praca/hhDeltaPhi.png Graphic file (type png)

<use ./Obrazky_praca/hhDeltaPhi.png>
Package pdftex.def Info: ./Obrazky_praca/hhDeltaPhi.png used on input line 437.

(pdftex.def)             Requested size: 435.32724pt x 263.98608pt.

<./Obrazky_praca/vytazky_hh_prilahly_mult.png, id=130, 700.6175pt x 476.78125pt
>
File: ./Obrazky_praca/vytazky_hh_prilahly_mult.png Graphic file (type png)
 <use ./Obrazky_praca/vytazky_hh_prilahly_mult.png>
Package pdftex.def Info: ./Obrazky_praca/vytazky_hh_prilahly_mult.png used on i
nput line 446.
(pdftex.def)             Requested size: 348.2631pt x 237.00049pt.
 [25

]
<./Obrazky_praca/vytazky_hh_protilahly_mult.png, id=134, 700.6175pt x 476.78125
pt>
File: ./Obrazky_praca/vytazky_hh_protilahly_mult.png Graphic file (type png)
 <use ./Obrazky_praca/vytazky_hh_protilahly_mult.png>
Package pdftex.def Info: ./Obrazky_praca/vytazky_hh_protilahly_mult.png used on
 input line 455.
(pdftex.def)             Requested size: 348.2631pt x 237.00049pt.

Overfull \hbox (5.9199pt too wide) in paragraph at lines 461--462
\OT1/cmr/m/n/12 sme po-rov-nat[] dvoj-roz-mern^^Se ko-rela^^Tcn^^Se fun-kcie pr
e jed-not-liv^^Se mul-tip-li-citn^^Se triedy zr^^Sa^^Tzok.
 []

<./Obrazky_praca/odcitane.png, id=135, 1282.7925pt x 777.90625pt>
File: ./Obrazky_praca/odcitane.png Graphic file (type png)

<use ./Obrazky_praca/odcitane.png>
Package pdftex.def Info: ./Obrazky_praca/odcitane.png used on input line 467.
(pdftex.def)             Requested size: 348.2631pt x 211.18887pt.

<./Obrazky_praca/ICPhh.png, id=136, 700.6175pt x 476.78125pt>
File: ./Obrazky_praca/ICPhh.png Graphic file (type png)

<use ./Obrazky_praca/ICPhh.png>
Package pdftex.def Info: ./Obrazky_praca/ICPhh.png used on input line 474.
(pdftex.def)             Requested size: 348.2631pt x 237.00049pt.
 [26 <./Obrazky_praca/hhDeltaPhi.png>] [27 <./Obrazky_praca/vytazky_hh_prilahly
_mult.png> <./Obrazky_praca/vytazky_hh_protilahly_mult.png>] [28 <./Obrazky_pra
ca/odcitane.png> <./Obrazky_praca/ICPhh.png>]
Kapitola 6.
[29

]
Overfull \hbox (19.97845pt too wide) in paragraph at lines 492--492
[][]\OT1/cmr/bx/n/17.28 St^^Sudium nie-ktor^^Sych zdro-jov sys-te-ma-tick^^Sych
 ch^^Syb 
 []

<./Obrazky_praca/neistotaHH.png, id=150, 700.6175pt x 476.78125pt>
File: ./Obrazky_praca/neistotaHH.png Graphic file (type png)

<use ./Obrazky_praca/neistotaHH.png>
Package pdftex.def Info: ./Obrazky_praca/neistotaHH.png used on input line 496.

(pdftex.def)             Requested size: 348.2631pt x 237.00049pt.
 [30 <./Obrazky_praca/neistotaHH.png>]
Overfull \hbox (5.42693pt too wide) in paragraph at lines 505--506
\OT1/cmr/m/n/12 roz-de-le-nia $^^A\OML/cmm/m/it/12 ^^^$ \OT1/cmr/m/n/12 pred v^
^Sypo^^Tctom v^^Syt[]a^^Tzkov. V anal^^Syze sme za po-za-die po-kla-dali kon^^T
stantn^^Su
 []

[31] [32

]
Underfull \hbox (badness 4492) in paragraph at lines 534--535
[]\OT1/cmr/m/n/12 R. AAIJ, B. ADEVA, M. ADI-NOLFI, et al. Ob-ser-va-tion of $\O
ML/cmm/m/it/12 J= $ \OT1/cmr/m/n/12 p
 []


Underfull \hbox (badness 3354) in paragraph at lines 534--535
\OT1/cmr/m/n/12 Re-so-nan-ces Con-sis-tent with Pen-ta-qu-ark Sta-tes in $^^C[]
 \OMS/cmsy/m/n/12 ! \OML/cmm/m/it/12 J= K[]p$ \OT1/cmr/m/n/12 De-
 []


Underfull \hbox (badness 10000) in paragraph at lines 534--535
\OT1/cmr/m/n/12 cays. \OT1/cmr/m/it/12 Phy-si-cal Re-view Let-ters \OT1/cmr/m/n
/12 [on-line]. 2015, 115(7), ISSN 0031-9007.
 []


Underfull \hbox (badness 10000) in paragraph at lines 537--539
[]\OT1/cmr/m/n/12 Y. HE, I. VI-TEV, B. ZHANG. $\OML/cmm/m/it/12 O\OT1/cmr/m/n/1
2 (\OML/cmm/m/it/12 \OT1/cmr/m/n/12 )$ Ana-ly-sis of Inc-lu-sive Jet
 []


Underfull \hbox (badness 10000) in paragraph at lines 537--539
\OT1/cmr/m/n/12 and Di-jet Pro-duc-tion in He-avy Ion Re-ac-ti-ons at the Large
 Had-
 []


Underfull \hbox (badness 5050) in paragraph at lines 537--539
\OT1/cmr/m/n/12 ron Col-li-der. \OT1/cmr/m/it/12 Phy-sics Let-ters B \OT1/cmr/m
/n/12 [on-line]. 2012, 713(3), ISSN 03702693.
 []


Underfull \hbox (badness 10000) in paragraph at lines 546--547
[]\OT1/cmr/m/n/12 http://physics.stackexchange.com/questions/155327/zero-net-fo
rce-on-grass-
 []


Overfull \hbox (6.15956pt too wide) in paragraph at lines 548--549
[]\OT1/cmr/m/n/12 http://hepg.sdu.edu.cn/THPPC/reports/seminar2009/0316[]lund[]
string[]model.pdf 
 []

[33

]
Underfull \hbox (badness 4569) in paragraph at lines 554--555
[]\OT1/cmr/m/n/12 C. AD-LER, Z. AHAM-MED, C. ALL-GO-WER, et al. Cen-tra-lity De
-
 []


Underfull \hbox (badness 10000) in paragraph at lines 554--555
\OT1/cmr/m/n/12 pen-dence of High-$\OML/cmm/m/it/12 p[]$ \OT1/cmr/m/n/12 Had-ro
n Supp-res-sion in Au+Au Col-li-si-ons at
 []


Underfull \hbox (badness 10000) in paragraph at lines 558--559
[]\OT1/cmr/m/n/12 J. ADAM, D. ADA-MOV[]A, M. M. AG-GAR-WAL, et al. En-han-
 []


Underfull \hbox (badness 10000) in paragraph at lines 558--559
\OT1/cmr/m/n/12 ced pro-duc-tion of multi-strange had-rons in high-multiplicity
 pro-
 []


Underfull \hbox (badness 1052) in paragraph at lines 558--559
\OT1/cmr/m/n/12 ton{proton col-li-si-ons. \OT1/cmr/m/it/12 Na-ture Phy-sics \OT
1/cmr/m/n/12 [on-line]. 2017, 13(6), ISSN 1745-2473.
 []


Underfull \hbox (badness 1038) in paragraph at lines 560--561
[]\OT1/cmr/m/n/12 B. ABE-LEV, J. ADAM, D. ADA-MOVA, et al. Long-range an-gu-lar
 cor-
 []


Underfull \hbox (badness 3895) in paragraph at lines 560--561
\OT1/cmr/m/n/12 re-la-ti-ons on the near and away side in p{Pb col-li-si-ons at
 $[] =
 []


Underfull \hbox (badness 6396) in paragraph at lines 560--561
\OT1/cmr/m/n/12 5\OML/cmm/m/it/12 :\OT1/cmr/m/n/12 02$ TeV. \OT1/cmr/m/it/12 Ph
y-sics Let-ters B \OT1/cmr/m/n/12 [on-line]. 2013, 719(1-3). ISSN 03702693.
 []


Underfull \hbox (badness 10000) in paragraph at lines 572--573
[]\OT1/cmr/m/n/12 http://alice-offline.web.cern.ch/sites/alice-offline.web.cern
.ch/files/uploads/ -
 []


Underfull \hbox (badness 10000) in paragraph at lines 574--575
[]\OT1/cmr/m/n/12 P. SKANDS, Z. Tu-ning. Monte Carlo ge-ne-ra-tors: The Pe-ru-
 []


Underfull \hbox (badness 10000) in paragraph at lines 574--575
\OT1/cmr/m/n/12 gia tu-nes. \OT1/cmr/m/it/12 Phy-si-cal Re-view D \OT1/cmr/m/n/
12 [on-line]. 2010, 82(7). ISSN 1550-7998.
 []

[34] [35] (./SVOC.aux)

LaTeX Font Warning: Size substitutions with differences
(Font)              up to 4.5pt have occurred.


LaTeX Warning: There were multiply-defined labels.

 ) 
Here is how much of TeX's memory you used:
 4252 strings out of 492995
 63840 string characters out of 6132705
 134560 words of memory out of 5000000
 7726 multiletter control sequences out of 15000+600000
 11861 words of font info for 41 fonts, out of 8000000 for 9000
 1141 hyphenation exceptions out of 8191
 39i,8n,39p,1226b,444s stack positions out of 5000i,500n,10000p,200000b,80000s
</usr/local/texlive/2017/texmf-dist/fonts/type1/public/amsfonts/cm/cmbx12.pfb
></usr/local/texlive/2017/texmf-dist/fonts/type1/public/amsfonts/cm/cmex10.pfb>
</usr/local/texlive/2017/texmf-dist/fonts/type1/public/amsfonts/cm/cmmi10.pfb><
/usr/local/texlive/2017/texmf-dist/fonts/type1/public/amsfonts/cm/cmmi12.pfb></
usr/local/texlive/2017/texmf-dist/fonts/type1/public/amsfonts/cm/cmmi7.pfb></us
r/local/texlive/2017/texmf-dist/fonts/type1/public/amsfonts/cm/cmmi8.pfb></usr/
local/texlive/2017/texmf-dist/fonts/type1/public/amsfonts/cm/cmr10.pfb></usr/lo
cal/texlive/2017/texmf-dist/fonts/type1/public/amsfonts/cm/cmr12.pfb></usr/loca
l/texlive/2017/texmf-dist/fonts/type1/public/amsfonts/cm/cmr17.pfb></usr/local/
texlive/2017/texmf-dist/fonts/type1/public/amsfonts/cm/cmr6.pfb></usr/local/tex
live/2017/texmf-dist/fonts/type1/public/amsfonts/cm/cmr7.pfb></usr/local/texliv
e/2017/texmf-dist/fonts/type1/public/amsfonts/cm/cmr8.pfb></usr/local/texlive/2
017/texmf-dist/fonts/type1/public/amsfonts/cm/cmss17.pfb></usr/local/texlive/20
17/texmf-dist/fonts/type1/public/amsfonts/cm/cmssbx10.pfb></usr/local/texlive/2
017/texmf-dist/fonts/type1/public/amsfonts/cm/cmsy10.pfb></usr/local/texlive/20
17/texmf-dist/fonts/type1/public/amsfonts/cm/cmsy7.pfb></usr/local/texlive/2017
/texmf-dist/fonts/type1/public/amsfonts/cm/cmsy8.pfb></usr/local/texlive/2017/t
exmf-dist/fonts/type1/public/amsfonts/cm/cmti12.pfb>
Output written on SVOC.pdf (37 pages, 3614037 bytes).
PDF statistics:
 231 PDF objects out of 1000 (max. 8388607)
 140 compressed objects within 2 object streams
 0 named destinations out of 1000 (max. 500000)
 121 words of extra memory for PDF output out of 10000 (max. 10000000)

